"C:/HWork1/snowShip/octoberBlock/Content/WwiseAudio/InitBank.uasset" 0
"C:/HWork1/snowShip/octoberBlock/Content/WwiseAudio/NewAkAudioBank.uasset" 1
"C:/HWork1/snowShip/octoberBlock/Content/WwiseAudio/Events/Default_Work_Unit/sfx_Garbage_Burn.uasset" 2
"C:/HWork1/snowShip/octoberBlock/Content/WwiseAudio/Events/Default_Work_Unit/sfx_Water_Splash.uasset" 3
"C:/HWork1/snowShip/octoberBlock/Content/WwiseAudio/Game_Parameters/Default_Work_Unit/Level.uasset" 4
"C:/HWork1/snowShip/octoberBlock/Content/WwiseAudio/Game_Parameters/Default_Work_Unit/Speed.uasset" 5
"C:/HWork1/snowShip/octoberBlock/Content/WwiseAudio/Media/1008255845.uasset" 6
"C:/HWork1/snowShip/octoberBlock/Content/WwiseAudio/Media/1027670751.uasset" 7
"C:/HWork1/snowShip/octoberBlock/Content/WwiseAudio/Media/253753870.uasset" 8
"C:/HWork1/snowShip/octoberBlock/Content/WwiseAudio/Media/293283357.uasset" 9
"C:/HWork1/snowShip/octoberBlock/Content/WwiseAudio/Media/446818529.uasset" 10
"C:/HWork1/snowShip/octoberBlock/Content/WwiseAudio/Media/494487689.uasset" 11
"C:/HWork1/snowShip/octoberBlock/Content/WwiseAudio/Media/585978032.uasset" 12
"C:/HWork1/snowShip/octoberBlock/Content/WwiseAudio/Media/610532469.uasset" 13
"C:/HWork1/snowShip/octoberBlock/Content/WwiseAudio/Media/642166953.uasset" 14
"C:/HWork1/snowShip/octoberBlock/Content/WwiseAudio/Media/721406619.uasset" 15
"C:/HWork1/snowShip/octoberBlock/Content/WwiseAudio/Media/883907991.uasset" 16
"C:/HWork1/snowShip/octoberBlock/Content/WwiseAudio/Media/962831990.uasset" 17
"C:/HWork1/snowShip/octoberBlock/Content/WwiseAudio/Media/969105464.uasset" 18
"../../../Engine/Content/Animation/DefaultAnimCurveCompressionSettings.uasset" 19
"../../../Engine/Content/Functions/Engine_MaterialFunctions01/Opacity/CameraDepthFade.uasset" 20
"../../../Engine/Content/EngineMaterials/T_Default_Material_Grid_M.uasset" 21
"../../../Engine/Content/EngineMaterials/T_Default_Material_Grid_N.uasset" 22
"../../../Engine/Content/EngineMaterials/WorldGridMaterial.uasset" 23
"../../../Engine/Content/ArtTools/RenderToTexture/Meshes/S_1_Unit_Plane.uasset" 24
"../../../Engine/Content/EngineMaterials/DefaultMaterial.uasset" 25
"../../../Engine/Content/BasicShapes/Cone.uasset" 26
"../../../Engine/Content/BasicShapes/Cube.uasset" 27
"../../../Engine/Content/BasicShapes/Cylinder.uasset" 28
"../../../Engine/Content/EditorLandscapeResources/DataLayer.uasset" 29
"../../../Engine/Content/EditorMaterials/MAT_Groups_Toggle.uasset" 30
"../../../Engine/Content/EditorMaterials/MAT_Groups_Visibility.uasset" 31
"../../../Engine/Content/EditorMaterials/PreviewShadowIndicator.uasset" 32
"../../../Engine/Content/EditorMaterials/PreviewShadowIndicatorMaterial.uasset" 33
"../../../Engine/Content/EditorMaterials/MatineeGroups/MAT_ColorTrack.uasset" 34
"../../../Engine/Content/EditorMaterials/MatineeGroups/MAT_Groups_Anim.uasset" 35
"../../../Engine/Content/EditorMaterials/MatineeGroups/MAT_Groups_AudioMaster.uasset" 36
"../../../Engine/Content/EditorMaterials/MatineeGroups/MAT_Groups_Director.uasset" 37
"../../../Engine/Content/EditorMaterials/MatineeGroups/MAT_Groups_Event.uasset" 38
"../../../Engine/Content/EditorMaterials/MatineeGroups/MAT_Groups_Fade.uasset" 39
"../../../Engine/Content/EditorMaterials/MatineeGroups/MAT_Groups_Float.uasset" 40
"../../../Engine/Content/EditorMaterials/MatineeGroups/MAT_Groups_Move.uasset" 41
"../../../Engine/Content/EditorMaterials/MatineeGroups/MAT_Groups_Slomo.uasset" 42
"../../../Engine/Content/EditorMaterials/MatineeGroups/MAT_Groups_Sound.uasset" 43
"../../../Engine/Content/EditorMaterials/MatineeGroups/MAT_Groups_Vector.uasset" 44
"../../../Engine/Content/EditorMaterials/ParticleSystems/PSysThumbnail_NoImage.uasset" 45
"../../../Engine/Content/EditorMaterials/ParticleSystems/PSysThumbnail_OOD.uasset" 46
"../../../Engine/Content/EditorMaterials/Camera/CineMat.uasset" 47
"../../../Engine/Content/EditorMaterials/Camera/MI_CineMat_Rig.uasset" 48
"../../../Engine/Content/EditorMeshes/Camera/SM_CraneRig_Arm.uasset" 49
"../../../Engine/Content/EditorMeshes/Camera/SM_CraneRig_Base.uasset" 50
"../../../Engine/Content/EditorMeshes/Camera/SM_CraneRig_Body.uasset" 51
"../../../Engine/Content/EditorMeshes/Camera/SM_CraneRig_Mount.uasset" 52
"../../../Engine/Content/EditorMeshes/Camera/SM_RailRig_Mount.uasset" 53
"../../../Engine/Content/EditorMeshes/Camera/SM_RailRig_Track.uasset" 54
"../../../Engine/Content/EditorResources/BSPVertex.uasset" 55
"../../../Engine/Content/EditorResources/EmptyActor.uasset" 56
"../../../Engine/Content/EditorResources/S_Actor.uasset" 57
"../../../Engine/Content/EditorResources/S_Note.uasset" 58
"../../../Engine/Content/EditorResources/S_Solver.uasset" 59
"../../../Engine/Content/EditorResources/S_Trigger.uasset" 60
"../../../Engine/Content/EditorResources/SequenceRecorder/Countdown.uasset" 61
"../../../Engine/Content/EditorResources/SequenceRecorder/RecordingIndicator.uasset" 62
"../../../Engine/Content/EditorSounds/Notifications/CompileFailed.uasset" 63
"../../../Engine/Content/EditorSounds/Notifications/CompileFailed_Cue.uasset" 64
"../../../Engine/Content/EditorSounds/Notifications/CompileSuccess.uasset" 65
"../../../Engine/Content/EditorSounds/Notifications/CompileStart_Cue.uasset" 66
"../../../Engine/Content/EditorSounds/Notifications/CompileSuccess_Cue.uasset" 67
"../../../Engine/Content/EngineDamageTypes/DmgTypeBP_Environmental.uasset" 68
"../../../Engine/Content/EngineDebugMaterials/DebugEditorMaterial.uasset" 69
"../../../Engine/Content/EngineDebugMaterials/DebugMeshMaterial.uasset" 70
"../../../Engine/Content/EngineDebugMaterials/M_SimpleUnlitTranslucent.uasset" 71
"../../../Engine/Content/Functions/Engine_MaterialFunctions02/Utility/CameraDirectionVector.uasset" 72
"../../../Engine/Content/EngineDebugMaterials/VolumeToRender.uasset" 73
"../../../Engine/Content/EngineDebugMaterials/M_VolumeRenderSphereTracePP.uasset" 74
"../../../Engine/Content/EngineDebugMaterials/WireframeMaterial.uasset" 75
"../../../Engine/Content/EngineFonts/Faces/DroidSansFallback.uasset" 76
"../../../Engine/Content/EngineFonts/Faces/RobotoBold.uasset" 77
"../../../Engine/Content/EngineFonts/Faces/RobotoBoldItalic.uasset" 78
"../../../Engine/Content/EngineFonts/Faces/RobotoItalic.uasset" 79
"../../../Engine/Content/EngineFonts/Faces/RobotoLight.uasset" 80
"../../../Engine/Content/EngineFonts/Faces/RobotoRegular.uasset" 81
"../../../Engine/Content/EngineFonts/Roboto.uasset" 82
"../../../Engine/Content/EngineMaterials/BaseFlattenDiffuseMap.uasset" 83
"../../../Engine/Content/EngineMaterials/BaseFlattenEmissiveMap.uasset" 84
"../../../Engine/Content/EngineMaterials/BaseFlattenGrayscaleMap.uasset" 85
"../../../Engine/Content/EngineMaterials/BaseFlattenNormalMap.uasset" 86
"../../../Engine/Content/EngineMaterials/BaseFlattenMaterial.uasset" 87
"../../../Engine/Content/EngineMaterials/BlueNoise.uasset" 88
"../../../Engine/Content/EngineMaterials/DefaultBloomKernel.uasset" 89
"../../../Engine/Content/EngineMaterials/DefaultBokeh.uasset" 90
"../../../Engine/Content/EngineMaterials/DefaultDiffuse.uasset" 91
"../../../Engine/Content/EngineMaterials/DefaultDeferredDecalMaterial.uasset" 92
"../../../Engine/Content/EngineMaterials/DefaultLightFunctionMaterial.uasset" 93
"../../../Engine/Content/EngineMaterials/DefaultPhysicalMaterial.uasset" 94
"../../../Engine/Content/Functions/Engine_MaterialFunctions02/Utility/BreakOutFloat2Components.uasset" 95
"../../../Engine/Content/EngineMaterials/DefaultPostProcessMaterial.uasset" 96
"../../../Engine/Content/EngineFonts/RobotoDistanceField.uasset" 97
"../../../Engine/Content/EngineMaterials/DefaultTextMaterialOpaque.uasset" 98
"../../../Engine/Content/EngineMaterials/DefaultWhiteGrid.uasset" 99
"../../../Engine/Content/EngineMaterials/DefaultWhiteGrid_Low.uasset" 100
"../../../Engine/Content/EngineMaterials/EmissiveMeshMaterial.uasset" 101
"../../../Engine/Content/EngineMaterials/GizmoMaterial.uasset" 102
"../../../Engine/Content/EngineMaterials/Good64x64TilingNoiseHighFreq.uasset" 103
"../../../Engine/Content/EngineMaterials/MiniFont.uasset" 104
"../../../Engine/Content/EngineMaterials/InvalidLightmapSettings.uasset" 105
"../../../Engine/Content/EngineMaterials/M_InvalidLightmapSettings.uasset" 106
"../../../Engine/Content/Functions/Engine_MaterialFunctions02/WorldPositionOffset/CameraOffset.uasset" 107
"../../../Engine/Content/EngineMaterials/PhAT_JointLimitMaterial.uasset" 108
"../../../Engine/Content/EngineMaterials/PreintegratedSkinBRDF.uasset" 109
"../../../Engine/Content/EngineMaterials/RemoveSurfaceMaterial.uasset" 110
"../../../Engine/Content/EngineMaterials/WeightMapPlaceholderTexture.uasset" 111
"../../../Engine/Content/EngineResources/WhiteSquareTexture.uasset" 112
"../../../Engine/Content/EngineMaterials/Widget3DPassThrough.uasset" 113
"../../../Engine/Content/EngineMaterials/Widget3DPassThrough_Masked.uasset" 114
"../../../Engine/Content/EngineMaterials/Widget3DPassThrough_Opaque.uasset" 115
"../../../Engine/Content/EngineMaterials/Widget3DPassThrough_Masked_OneSided.uasset" 116
"../../../Engine/Content/EngineMaterials/Widget3DPassThrough_Opaque_OneSided.uasset" 117
"../../../Engine/Content/EngineMaterials/Widget3DPassThrough_Translucent.uasset" 118
"../../../Engine/Content/EngineMaterials/Widget3DPassThrough_Translucent_OneSided.uasset" 119
"../../../Engine/Content/EngineMeshes/Cylinder.uasset" 120
"../../../Engine/Content/EngineMeshes/Sphere.uasset" 121
"../../../Engine/Content/EngineResources/Black.uasset" 122
"../../../Engine/Content/EngineResources/DefaultTextureCube.uasset" 123
"../../../Engine/Content/EngineResources/DefaultVolumeTexture2D.uasset" 124
"../../../Engine/Content/EngineResources/DefaultVolumeTexture.uasset" 125
"../../../Engine/Content/EngineResources/GradientTexture0.uasset" 126
"../../../Engine/Content/EngineSounds/Master.uasset" 127
"../../../Engine/Content/Functions/Engine_MaterialFunctions01/Shading/ConvertFromDiffSpec.uasset" 128
"../../../Engine/Content/Functions/Engine_MaterialFunctions01/Shading/PowerToRoughness.uasset" 129
"../../../Engine/Content/Maps/Templates/Thumbnails/Default.uasset" 130
"../../../Engine/Content/Maps/Templates/Thumbnails/TimeOfDay.uasset" 131
"../../../Engine/Content/Maps/Templates/Thumbnails/VR-Basic.uasset" 132
"../../../Engine/Content/MobileResources/T_MobileControls_texture.uasset" 133
"../../../Engine/Content/MobileResources/T_MobileMenu2.uasset" 134
"../../../Engine/Content/MobileResources/HUD/AnalogHat.uasset" 135
"../../../Engine/Content/MobileResources/HUD/VirtualJoystick_Background.uasset" 136
"../../../Engine/Content/MobileResources/HUD/VirtualJoystick_Thumb.uasset" 137
"../../../Engine/Content/MobileResources/HUD/DefaultVirtualJoysticks.uasset" 138
"../../../Engine/Content/MobileResources/HUD/LeftVirtualJoystickOnly.uasset" 139
"../../../Engine/Content/MobileResources/HUD/MobileHUDButton1_off.uasset" 140
"../../../Engine/Content/MobileResources/HUD/MobileHUDButton1_on.uasset" 141
"../../../Engine/Content/MobileResources/HUD/MobileHUDButton2_off.uasset" 142
"../../../Engine/Content/MobileResources/HUD/MobileHUDButton2_on.uasset" 143
"../../../Engine/Content/MobileResources/HUD/MobileHUDButton3.uasset" 144
"../../../Engine/Content/MobileResources/HUD/MobileHUDButtonFire.uasset" 145
"../../../Engine/Content/MobileResources/HUD/MobileHUDDirectionPad.uasset" 146
"../../../Engine/Content/MobileResources/HUD/MobileHUDDirectionPad2.uasset" 147
"../../../Engine/Content/MobileResources/HUD/MobileHUDDirectionPad3.uasset" 148
"../../../Engine/Content/MobileResources/HUD/MobileHUDDirectionStick.uasset" 149
"../../../Engine/Content/MobileResources/HUD/T_Castle_ThumbstickInner.uasset" 150
"../../../Engine/Content/MobileResources/HUD/T_Castle_ThumbstickOutter.uasset" 151
"../../../Engine/Content/Tutorial/ContentIntroCurve.uasset" 152
"../../../Engine/Content/Tutorial/Basics/LevelEditorAttract.uasset" 153
"../../../Engine/Content/Tutorial/Basics/TutorialAssets/icon_tab_Levels_40x.uasset" 154
"../../../Engine/Content/Tutorial/Basics/LevelEditorOverview.uasset" 155
"../../../Engine/Content/Tutorial/BlueprintTutorials/TutorialAssets/Blueprint_64x.uasset" 156
"../../../Engine/Content/Tutorial/BlueprintTutorials/BlueprintEditorTutorial.uasset" 157
"../../../Engine/Content/Tutorial/Mobile/TutorialAssets/IOS.uasset" 158
"../../../Engine/Content/Tutorial/Mobile/InstallingiTunesTutorial.uasset" 159
"../../../Engine/Content/Tutorial/Mobile/TutorialAssets/android_Icon.uasset" 160
"../../../Engine/Content/Tutorial/Mobile/SettingUpAndroidTutorial.uasset" 161
"../../../Engine/Content/VREditor/LaserPointer/VR_LaserPower_01.uasset" 162
"../../../Engine/Content/VREditor/TransformGizmo/TransformGizmoMaterial.uasset" 163
"../../../Engine/Content/VREditor/TransformGizmo/TranslucentTransformGizmoMaterial.uasset" 164
"../../../Engine/Content/VREditor/TransformGizmo/BoundingBoxCorner.uasset" 165
"../../../Engine/Content/VREditor/TransformGizmo/BoundingBoxEdge.uasset" 166
"../../../Engine/Content/VREditor/TransformGizmo/PlaneTranslationHandle.uasset" 167
"../../../Engine/Content/VREditor/TransformGizmo/Main.uasset" 168
"../../../Engine/Content/VREditor/TransformGizmo/Xray.uasset" 169
"../../../Engine/Content/VREditor/TransformGizmo/SM_Sequencer_Key.uasset" 170
"../../../Engine/Content/VREditor/TransformGizmo/SM_Sequencer_Node.uasset" 171
"../../Plugins/2D/Paper2D/Content/PlaceholderTextures/DummySpriteTexture.uasset" 172
"../../Plugins/2D/Paper2D/Content/DummySprite.uasset" 173
"../../Plugins/2D/Paper2D/Content/DefaultPaperTerrainMaterial.uasset" 174
"../../Plugins/2D/Paper2D/Content/DefaultSpriteMaterial.uasset" 175
"../../Plugins/2D/Paper2D/Content/MaskedUnlitSpriteMaterial.uasset" 176
"../../Plugins/2D/Paper2D/Content/OpaqueUnlitSpriteMaterial.uasset" 177
"../../Plugins/FX/Niagara/Content/Enums/ENiagaraBooleanLogicOps.uasset" 178
"../../Plugins/FX/Niagara/Content/Enums/ENiagaraOrientationAxis.uasset" 179
"C:/HWork1/snowShip/octoberBlock/Plugins/Wwise/Content/S_AkComponent.uasset" 180
"C:/HWork1/snowShip/octoberBlock/Plugins/Wwise/Content/S_AkSpotReflector.uasset" 181
"../../../Engine/Content/Animation/DefaultAnimBoneCompressionSettings.uasset" 182
"C:/HWork1/snowShip/octoberBlock/Content/SK_/Boat/SK_Boat_Skeleton.uasset" 183
"C:/HWork1/snowShip/octoberBlock/Content/SK_/Boat/SK_Sh.uasset" 184
"C:/HWork1/snowShip/octoberBlock/Content/SK_/Boat/SK_Sh1.uasset" 185
"C:/HWork1/snowShip/octoberBlock/Content/SK_/oct/SK_oct_1_Skeleton.uasset" 186
"C:/HWork1/snowShip/octoberBlock/Content/SK_/oct/SK_oct_1_Anim.uasset" 187
"C:/HWork1/snowShip/octoberBlock/Content/SK_/pin/SK_Pin_Skeleton.uasset" 188
"C:/HWork1/snowShip/octoberBlock/Content/SK_/pin/1anim_Anim.uasset" 189
"C:/HWork1/snowShip/octoberBlock/Content/SK_/whale/SK_kit_Skeleton.uasset" 190
"C:/HWork1/snowShip/octoberBlock/Content/SK_/whale/SK_kit_Anim.uasset" 191
"../../../Engine/Content/EditorBlueprintResources/StandardMacros.uasset" 192
"C:/HWork1/snowShip/octoberBlock/Content/WwiseAudio/Events/Default_Work_Unit/sfx_Boat_loop.uasset" 193
"C:/HWork1/snowShip/octoberBlock/Content/WwiseAudio/Events/Default_Work_Unit/sfx_Horn.uasset" 194
"C:/HWork1/snowShip/octoberBlock/Content/Chameleon/Enums/BlendModes.uasset" 195
"C:/HWork1/snowShip/octoberBlock/Content/Chameleon/Structures/Vector2DN.uasset" 196
"C:/HWork1/snowShip/octoberBlock/Content/Chameleon/Structures/AdvancedEffectFeatures.uasset" 197
"C:/HWork1/snowShip/octoberBlock/Content/Chameleon/Structures/AdvancedEffectFeaturesNoCustomDepth.uasset" 198
"C:/HWork1/snowShip/octoberBlock/Content/Chameleon/Curves/C_DistanceToSizeLogo.uasset" 199
"C:/HWork1/snowShip/octoberBlock/Content/Chameleon/LUTs/LUT_Alienize1.uasset" 200
"C:/HWork1/snowShip/octoberBlock/Content/Chameleon/LUTs/LUT_Alienize2.uasset" 201
"C:/HWork1/snowShip/octoberBlock/Content/Chameleon/LUTs/LUT_Alienize3.uasset" 202
"C:/HWork1/snowShip/octoberBlock/Content/Chameleon/LUTs/LUT_Alienize4.uasset" 203
"C:/HWork1/snowShip/octoberBlock/Content/Chameleon/LUTs/LUT_Alienize5.uasset" 204
"C:/HWork1/snowShip/octoberBlock/Content/Chameleon/LUTs/LUT_Alienize6.uasset" 205
"C:/HWork1/snowShip/octoberBlock/Content/Chameleon/LUTs/LUT_Bloom1.uasset" 206
"C:/HWork1/snowShip/octoberBlock/Content/Chameleon/LUTs/LUT_Bloom2.uasset" 207
"C:/HWork1/snowShip/octoberBlock/Content/Chameleon/LUTs/LUT_Bloom3.uasset" 208
"C:/HWork1/snowShip/octoberBlock/Content/Chameleon/LUTs/LUT_Classic1.uasset" 209
"C:/HWork1/snowShip/octoberBlock/Content/Chameleon/LUTs/LUT_Classic10.uasset" 210
"C:/HWork1/snowShip/octoberBlock/Content/Chameleon/LUTs/LUT_Classic11.uasset" 211
"C:/HWork1/snowShip/octoberBlock/Content/Chameleon/LUTs/LUT_Classic12.uasset" 212
"C:/HWork1/snowShip/octoberBlock/Content/Chameleon/LUTs/LUT_Classic13.uasset" 213
"C:/HWork1/snowShip/octoberBlock/Content/Chameleon/LUTs/LUT_Classic14.uasset" 214
"C:/HWork1/snowShip/octoberBlock/Content/Chameleon/LUTs/LUT_Classic2.uasset" 215
"C:/HWork1/snowShip/octoberBlock/Content/Chameleon/LUTs/LUT_Classic3.uasset" 216
"C:/HWork1/snowShip/octoberBlock/Content/Chameleon/LUTs/LUT_Classic4.uasset" 217
"C:/HWork1/snowShip/octoberBlock/Content/Chameleon/LUTs/LUT_Classic5.uasset" 218
"C:/HWork1/snowShip/octoberBlock/Content/Chameleon/LUTs/LUT_Classic6.uasset" 219
"C:/HWork1/snowShip/octoberBlock/Content/Chameleon/LUTs/LUT_Classic7.uasset" 220
"C:/HWork1/snowShip/octoberBlock/Content/Chameleon/LUTs/LUT_Classic8.uasset" 221
"C:/HWork1/snowShip/octoberBlock/Content/Chameleon/LUTs/LUT_Classic9.uasset" 222
"C:/HWork1/snowShip/octoberBlock/Content/Chameleon/LUTs/LUT_CLayerAqua.uasset" 223
"C:/HWork1/snowShip/octoberBlock/Content/Chameleon/LUTs/LUT_CLayerBlue.uasset" 224
"C:/HWork1/snowShip/octoberBlock/Content/Chameleon/LUTs/LUT_CLayerGreen.uasset" 225
"C:/HWork1/snowShip/octoberBlock/Content/Chameleon/LUTs/LUT_CLayerOrange.uasset" 226
"C:/HWork1/snowShip/octoberBlock/Content/Chameleon/LUTs/LUT_CLayerPurple.uasset" 227
"C:/HWork1/snowShip/octoberBlock/Content/Chameleon/LUTs/LUT_CLayerRed.uasset" 228
"C:/HWork1/snowShip/octoberBlock/Content/Chameleon/LUTs/LUT_CLayerYellow.uasset" 229
"C:/HWork1/snowShip/octoberBlock/Content/Chameleon/LUTs/LUT_Color1.uasset" 230
"C:/HWork1/snowShip/octoberBlock/Content/Chameleon/LUTs/LUT_Color2.uasset" 231
"C:/HWork1/snowShip/octoberBlock/Content/Chameleon/LUTs/LUT_Color3.uasset" 232
"C:/HWork1/snowShip/octoberBlock/Content/Chameleon/LUTs/LUT_Color4.uasset" 233
"C:/HWork1/snowShip/octoberBlock/Content/Chameleon/LUTs/LUT_Color5.uasset" 234
"C:/HWork1/snowShip/octoberBlock/Content/Chameleon/LUTs/LUT_Color6.uasset" 235
"C:/HWork1/snowShip/octoberBlock/Content/Chameleon/LUTs/LUT_Dark1.uasset" 236
"C:/HWork1/snowShip/octoberBlock/Content/Chameleon/LUTs/LUT_Dark2.uasset" 237
"C:/HWork1/snowShip/octoberBlock/Content/Chameleon/LUTs/LUT_Dark3.uasset" 238
"C:/HWork1/snowShip/octoberBlock/Content/Chameleon/LUTs/LUT_Dark4.uasset" 239
"C:/HWork1/snowShip/octoberBlock/Content/Chameleon/LUTs/LUT_Dark5.uasset" 240
"C:/HWork1/snowShip/octoberBlock/Content/Chameleon/LUTs/LUT_Dark6.uasset" 241
"C:/HWork1/snowShip/octoberBlock/Content/Chameleon/LUTs/LUT_Dark7.uasset" 242
"C:/HWork1/snowShip/octoberBlock/Content/Chameleon/LUTs/LUT_Dark8.uasset" 243
"C:/HWork1/snowShip/octoberBlock/Content/Chameleon/LUTs/LUT_Draw1.uasset" 244
"C:/HWork1/snowShip/octoberBlock/Content/Chameleon/LUTs/LUT_Draw2.uasset" 245
"C:/HWork1/snowShip/octoberBlock/Content/Chameleon/LUTs/LUT_Draw3.uasset" 246
"C:/HWork1/snowShip/octoberBlock/Content/Chameleon/LUTs/LUT_Draw4.uasset" 247
"C:/HWork1/snowShip/octoberBlock/Content/Chameleon/LUTs/LUT_Draw5.uasset" 248
"C:/HWork1/snowShip/octoberBlock/Content/Chameleon/LUTs/LUT_Draw6.uasset" 249
"C:/HWork1/snowShip/octoberBlock/Content/Chameleon/LUTs/LUT_Draw7.uasset" 250
"C:/HWork1/snowShip/octoberBlock/Content/Chameleon/LUTs/LUT_Draw8.uasset" 251
"C:/HWork1/snowShip/octoberBlock/Content/Chameleon/LUTs/LUT_Draw9.uasset" 252
"C:/HWork1/snowShip/octoberBlock/Content/Chameleon/LUTs/LUT_Enhance1.uasset" 253
"C:/HWork1/snowShip/octoberBlock/Content/Chameleon/LUTs/LUT_Enhance10.uasset" 254
"C:/HWork1/snowShip/octoberBlock/Content/Chameleon/LUTs/LUT_Enhance2.uasset" 255
"C:/HWork1/snowShip/octoberBlock/Content/Chameleon/LUTs/LUT_Enhance3.uasset" 256
"C:/HWork1/snowShip/octoberBlock/Content/Chameleon/LUTs/LUT_Enhance4.uasset" 257
"C:/HWork1/snowShip/octoberBlock/Content/Chameleon/LUTs/LUT_Enhance5.uasset" 258
"C:/HWork1/snowShip/octoberBlock/Content/Chameleon/LUTs/LUT_Enhance6.uasset" 259
"C:/HWork1/snowShip/octoberBlock/Content/Chameleon/LUTs/LUT_Enhance7.uasset" 260
"C:/HWork1/snowShip/octoberBlock/Content/Chameleon/LUTs/LUT_Enhance8.uasset" 261
"C:/HWork1/snowShip/octoberBlock/Content/Chameleon/LUTs/LUT_Enhance9.uasset" 262
"C:/HWork1/snowShip/octoberBlock/Content/Chameleon/LUTs/LUT_FakeHDR1.uasset" 263
"C:/HWork1/snowShip/octoberBlock/Content/Chameleon/LUTs/LUT_FakeHDR2.uasset" 264
"C:/HWork1/snowShip/octoberBlock/Content/Chameleon/LUTs/LUT_FakeHDR3.uasset" 265
"C:/HWork1/snowShip/octoberBlock/Content/Chameleon/LUTs/LUT_Invert.uasset" 266
"C:/HWork1/snowShip/octoberBlock/Content/Chameleon/LUTs/LUT_InvertGray.uasset" 267
"C:/HWork1/snowShip/octoberBlock/Content/Chameleon/LUTs/LUT_Mono1.uasset" 268
"C:/HWork1/snowShip/octoberBlock/Content/Chameleon/LUTs/LUT_Mono10.uasset" 269
"C:/HWork1/snowShip/octoberBlock/Content/Chameleon/LUTs/LUT_Mono2.uasset" 270
"C:/HWork1/snowShip/octoberBlock/Content/Chameleon/LUTs/LUT_Mono3.uasset" 271
"C:/HWork1/snowShip/octoberBlock/Content/Chameleon/LUTs/LUT_Mono4.uasset" 272
"C:/HWork1/snowShip/octoberBlock/Content/Chameleon/LUTs/LUT_Mono5.uasset" 273
"C:/HWork1/snowShip/octoberBlock/Content/Chameleon/LUTs/LUT_Mono6.uasset" 274
"C:/HWork1/snowShip/octoberBlock/Content/Chameleon/LUTs/LUT_Mono7.uasset" 275
"C:/HWork1/snowShip/octoberBlock/Content/Chameleon/LUTs/LUT_Mono8.uasset" 276
"C:/HWork1/snowShip/octoberBlock/Content/Chameleon/LUTs/LUT_Mono9.uasset" 277
"C:/HWork1/snowShip/octoberBlock/Content/Chameleon/LUTs/LUT_Movie1.uasset" 278
"C:/HWork1/snowShip/octoberBlock/Content/Chameleon/LUTs/LUT_Movie2.uasset" 279
"C:/HWork1/snowShip/octoberBlock/Content/Chameleon/LUTs/LUT_Movie3.uasset" 280
"C:/HWork1/snowShip/octoberBlock/Content/Chameleon/LUTs/LUT_Movie4.uasset" 281
"C:/HWork1/snowShip/octoberBlock/Content/Chameleon/LUTs/LUT_Movie5.uasset" 282
"C:/HWork1/snowShip/octoberBlock/Content/Chameleon/LUTs/LUT_Movie6.uasset" 283
"C:/HWork1/snowShip/octoberBlock/Content/Chameleon/LUTs/LUT_Movie7.uasset" 284
"C:/HWork1/snowShip/octoberBlock/Content/Chameleon/LUTs/LUT_Old1.uasset" 285
"C:/HWork1/snowShip/octoberBlock/Content/Chameleon/LUTs/LUT_Old2.uasset" 286
"C:/HWork1/snowShip/octoberBlock/Content/Chameleon/LUTs/LUT_Old3.uasset" 287
"C:/HWork1/snowShip/octoberBlock/Content/Chameleon/LUTs/LUT_Old4.uasset" 288
"C:/HWork1/snowShip/octoberBlock/Content/Chameleon/LUTs/LUT_Posterize1.uasset" 289
"C:/HWork1/snowShip/octoberBlock/Content/Chameleon/LUTs/LUT_Saturate1.uasset" 290
"C:/HWork1/snowShip/octoberBlock/Content/Chameleon/LUTs/LUT_Saturate2.uasset" 291
"C:/HWork1/snowShip/octoberBlock/Content/Chameleon/LUTs/LUT_Saturate3.uasset" 292
"C:/HWork1/snowShip/octoberBlock/Content/Chameleon/LUTs/LUT_Steam1.uasset" 293
"C:/HWork1/snowShip/octoberBlock/Content/Chameleon/LUTs/LUT_Steam2.uasset" 294
"C:/HWork1/snowShip/octoberBlock/Content/Chameleon/LUTs/LUT_Steam3.uasset" 295
"C:/HWork1/snowShip/octoberBlock/Content/Chameleon/LUTs/LUT_Steam4.uasset" 296
"C:/HWork1/snowShip/octoberBlock/Content/Chameleon/LUTs/LUT_Steam5.uasset" 297
"C:/HWork1/snowShip/octoberBlock/Content/Chameleon/LUTs/LUT_Steam6.uasset" 298
"C:/HWork1/snowShip/octoberBlock/Content/Chameleon/LUTs/LUT_Steam7.uasset" 299
"C:/HWork1/snowShip/octoberBlock/Content/Chameleon/LUTs/LUT_U1_Emulation_3_Strip.uasset" 300
"C:/HWork1/snowShip/octoberBlock/Content/Chameleon/LUTs/LUT_U1_Emulation_Bleach_Bypass.uasset" 301
"C:/HWork1/snowShip/octoberBlock/Content/Chameleon/LUTs/LUT_U1_Emulation_Cineon.uasset" 302
"C:/HWork1/snowShip/octoberBlock/Content/Chameleon/LUTs/LUT_U1_Emulation_Film2Vid_1.uasset" 303
"C:/HWork1/snowShip/octoberBlock/Content/Chameleon/LUTs/LUT_U1_Emulation_Film2Vid_2.uasset" 304
"C:/HWork1/snowShip/octoberBlock/Content/Chameleon/LUTs/LUT_U1_Emulation_Fuj_3510_1.uasset" 305
"C:/HWork1/snowShip/octoberBlock/Content/Chameleon/LUTs/LUT_U1_Emulation_Fuj_3510_2.uasset" 306
"C:/HWork1/snowShip/octoberBlock/Content/Chameleon/LUTs/LUT_U1_Emulation_Fuj_3510_3.uasset" 307
"C:/HWork1/snowShip/octoberBlock/Content/Chameleon/LUTs/LUT_U1_Emulation_General_Filmstock.uasset" 308
"C:/HWork1/snowShip/octoberBlock/Content/Chameleon/LUTs/LUT_U1_Emulation_JR45.uasset" 309
"C:/HWork1/snowShip/octoberBlock/Content/Chameleon/LUTs/LUT_U1_Emulation_Kodachrome.uasset" 310
"C:/HWork1/snowShip/octoberBlock/Content/Chameleon/LUTs/LUT_U1_Emulation_Kodk_2383.uasset" 311
"C:/HWork1/snowShip/octoberBlock/Content/Chameleon/LUTs/LUT_U1_Emulation_Kodk_2393_1.uasset" 312
"C:/HWork1/snowShip/octoberBlock/Content/Chameleon/LUTs/LUT_U1_Emulation_Kodk_2393_2.uasset" 313
"C:/HWork1/snowShip/octoberBlock/Content/Chameleon/LUTs/LUT_U1_Emulation_Kodk_2395_1.uasset" 314
"C:/HWork1/snowShip/octoberBlock/Content/Chameleon/LUTs/LUT_U1_Emulation_Kodk_2395_2.uasset" 315
"C:/HWork1/snowShip/octoberBlock/Content/Chameleon/LUTs/LUT_U1_Emulation_SA5.uasset" 316
"C:/HWork1/snowShip/octoberBlock/Content/Chameleon/LUTs/LUT_U1_Emulation_SA6.uasset" 317
"C:/HWork1/snowShip/octoberBlock/Content/Chameleon/LUTs/LUT_U1_Emulation_SA7_1.uasset" 318
"C:/HWork1/snowShip/octoberBlock/Content/Chameleon/LUTs/LUT_U1_Emulation_SA7_2.uasset" 319
"C:/HWork1/snowShip/octoberBlock/Content/Chameleon/LUTs/LUT_U1_Emulation_SA7_3.uasset" 320
"C:/HWork1/snowShip/octoberBlock/Content/Chameleon/LUTs/LUT_U1_Emulation_SA7_4.uasset" 321
"C:/HWork1/snowShip/octoberBlock/Content/Chameleon/LUTs/LUT_U1_Emulation_SA8.uasset" 322
"C:/HWork1/snowShip/octoberBlock/Content/Chameleon/LUTs/LUT_U1_Emulation_SA9.uasset" 323
"C:/HWork1/snowShip/octoberBlock/Content/Chameleon/LUTs/LUT_U1_Filmic_Abduction.uasset" 324
"C:/HWork1/snowShip/octoberBlock/Content/Chameleon/LUTs/LUT_U1_Filmic_Cold_Blood_Murderer.uasset" 325
"C:/HWork1/snowShip/octoberBlock/Content/Chameleon/LUTs/LUT_U1_Filmic_First_Date.uasset" 326
"C:/HWork1/snowShip/octoberBlock/Content/Chameleon/LUTs/LUT_U1_Filmic_Futurama.uasset" 327
"C:/HWork1/snowShip/octoberBlock/Content/Chameleon/LUTs/LUT_U1_Filmic_Gladiators.uasset" 328
"C:/HWork1/snowShip/octoberBlock/Content/Chameleon/LUTs/LUT_U1_Filmic_Golden_Age.uasset" 329
"C:/HWork1/snowShip/octoberBlock/Content/Chameleon/LUTs/LUT_U1_Filmic_Hacker_Room.uasset" 330
"C:/HWork1/snowShip/octoberBlock/Content/Chameleon/LUTs/LUT_U1_Filmic_Hazard.uasset" 331
"C:/HWork1/snowShip/octoberBlock/Content/Chameleon/LUTs/LUT_U1_Filmic_Holy_TealOrange.uasset" 332
"C:/HWork1/snowShip/octoberBlock/Content/Chameleon/LUTs/LUT_U1_Filmic_Horror_Night.uasset" 333
"C:/HWork1/snowShip/octoberBlock/Content/Chameleon/LUTs/LUT_U1_Filmic_Last_hope.uasset" 334
"C:/HWork1/snowShip/octoberBlock/Content/Chameleon/LUTs/LUT_U1_Filmic_Middle_Earth.uasset" 335
"C:/HWork1/snowShip/octoberBlock/Content/Chameleon/LUTs/LUT_U1_Filmic_Nature_Rise.uasset" 336
"C:/HWork1/snowShip/octoberBlock/Content/Chameleon/LUTs/LUT_U1_Filmic_Pandora.uasset" 337
"C:/HWork1/snowShip/octoberBlock/Content/Chameleon/LUTs/LUT_U1_Filmic_Rogue.uasset" 338
"C:/HWork1/snowShip/octoberBlock/Content/Chameleon/LUTs/LUT_U1_Lighting_Candle_Light.uasset" 339
"C:/HWork1/snowShip/octoberBlock/Content/Chameleon/LUTs/LUT_U1_Lighting_Day_to_Night.uasset" 340
"C:/HWork1/snowShip/octoberBlock/Content/Chameleon/LUTs/LUT_U1_Lighting_Moonlight.uasset" 341
"C:/HWork1/snowShip/octoberBlock/Content/Chameleon/LUTs/LUT_U1_Weather_Everest_H.uasset" 342
"C:/HWork1/snowShip/octoberBlock/Content/Chameleon/LUTs/LUT_U1_Weather_Everest_L.uasset" 343
"C:/HWork1/snowShip/octoberBlock/Content/Chameleon/LUTs/LUT_U1_Weather_Everest_M.uasset" 344
"C:/HWork1/snowShip/octoberBlock/Content/Chameleon/LUTs/LUT_U1_Weather_Heavy_Sunset.uasset" 345
"C:/HWork1/snowShip/octoberBlock/Content/Chameleon/LUTs/LUT_U1_Weather_Late_Sunset.uasset" 346
"C:/HWork1/snowShip/octoberBlock/Content/Chameleon/LUTs/LUT_U1_Weather_Lightning.uasset" 347
"C:/HWork1/snowShip/octoberBlock/Content/Chameleon/LUTs/LUT_U1_Weather_Underwater.uasset" 348
"C:/HWork1/snowShip/octoberBlock/Content/Chameleon/LUTs/LUT_U1_Weather_Winter.uasset" 349
"C:/HWork1/snowShip/octoberBlock/Content/Chameleon/Structures/LOOKCGStruct.uasset" 350
"C:/HWork1/snowShip/octoberBlock/Content/Chameleon/DataTables/LOOK_Presets.uasset" 351
"C:/HWork1/snowShip/octoberBlock/Content/Chameleon/Structures/Vector3DN.uasset" 352
"../../../Engine/Content/Functions/Engine_MaterialFunctions01/Math/SmoothCeil.uasset" 353
"../../../Engine/Content/Functions/Engine_MaterialFunctions01/Texturing/ScaleUVsByCenter.uasset" 354
"../../../Engine/Content/Functions/Engine_MaterialFunctions02/Math/TimeWithSpeedVariable.uasset" 355
"../../../Engine/Content/Functions/Engine_MaterialFunctions02/SmoothStep.uasset" 356
"../../../Engine/Content/Functions/Engine_MaterialFunctions02/Texturing/CustomRotator.uasset" 357
"../../../Engine/Content/Functions/Engine_MaterialFunctions02/Utility/MakeFloat2.uasset" 358
"../../../Engine/Content/Functions/Engine_MaterialFunctions02/UVs/PanTextureCoordinateChannelfrom-1toN+1.uasset" 359
"../../../Engine/Content/Functions/Engine_MaterialFunctions02/UVs/PanTextureCoordinateFrom-1toN+1.uasset" 360
"../../../Engine/Content/EngineMaterials/BlendFunc_DefBase.uasset" 361
"../../../Engine/Content/EngineMaterials/BlendFunc_DefBlend.uasset" 362
"../../../Engine/Content/Functions/Engine_MaterialFunctions03/Blends/Blend_ColorBurn.uasset" 363
"../../../Engine/Content/Functions/Engine_MaterialFunctions03/Blends/Blend_ColorDodge.uasset" 364
"../../../Engine/Content/Functions/Engine_MaterialFunctions03/Blends/Blend_Difference.uasset" 365
"../../../Engine/Content/Functions/Engine_MaterialFunctions03/Blends/Blend_Exclusion.uasset" 366
"../../../Engine/Content/Functions/Engine_MaterialFunctions03/Blends/Blend_HardLight.uasset" 367
"../../../Engine/Content/Functions/Engine_MaterialFunctions03/Blends/Blend_LinearBurn.uasset" 368
"../../../Engine/Content/Functions/Engine_MaterialFunctions03/Blends/Blend_LinearDodge.uasset" 369
"../../../Engine/Content/Functions/Engine_MaterialFunctions03/Blends/Blend_LinearLight.uasset" 370
"../../../Engine/Content/Functions/Engine_MaterialFunctions03/Blends/Blend_PinLight.uasset" 371
"../../../Engine/Content/Functions/Engine_MaterialFunctions03/Blends/Blend_SoftLight.uasset" 372
"C:/HWork1/snowShip/octoberBlock/Content/Chameleon/MaterialFunctions/MF_BlendDarken.uasset" 373
"C:/HWork1/snowShip/octoberBlock/Content/Chameleon/MaterialFunctions/MF_BlendLighten.uasset" 374
"C:/HWork1/snowShip/octoberBlock/Content/Chameleon/MaterialFunctions/MF_BlendMultiply.uasset" 375
"C:/HWork1/snowShip/octoberBlock/Content/Chameleon/MaterialFunctions/MF_BlendOverlay.uasset" 376
"C:/HWork1/snowShip/octoberBlock/Content/Chameleon/MaterialFunctions/MF_BlendScreen.uasset" 377
"C:/HWork1/snowShip/octoberBlock/Content/Chameleon/MaterialFunctions/MF_DepthOnlyMasking.uasset" 378
"C:/HWork1/snowShip/octoberBlock/Content/Chameleon/Textures/T_White.uasset" 379
"C:/HWork1/snowShip/octoberBlock/Content/Chameleon/MaterialFunctions/MF_SetBlending.uasset" 380
"C:/HWork1/snowShip/octoberBlock/Content/Chameleon/Materials/M_2DTransform.uasset" 381
"../../../Engine/Content/Functions/Engine_MaterialFunctions02/ScreenResolution.uasset" 382
"C:/HWork1/snowShip/octoberBlock/Content/Chameleon/MaterialFunctions/MF_FXBlur.uasset" 383
"C:/HWork1/snowShip/octoberBlock/Content/Chameleon/Materials/M_ActorFeaturette.uasset" 384
"../../../Engine/Content/Functions/Engine_MaterialFunctions02/Math/Pi.uasset" 385
"../../../Engine/Content/Functions/Engine_MaterialFunctions02/Texturing/ScreenAlignedUVs.uasset" 386
"../../../Engine/Content/Functions/Engine_MaterialFunctions03/Blends/Blend_Screen.uasset" 387
"C:/HWork1/snowShip/octoberBlock/Content/Chameleon/Materials/M_Alarm.uasset" 388
"../../../Engine/Content/Functions/Engine_MaterialFunctions02/Lerp_Multiple_Float3.uasset" 389
"../../../Engine/Content/Functions/Engine_MaterialFunctions03/Blends/Blend_Lighten.uasset" 390
"C:/HWork1/snowShip/octoberBlock/Content/Chameleon/Materials/M_Alcohol.uasset" 391
"C:/HWork1/snowShip/octoberBlock/Content/Chameleon/Materials/M_AnamorphicLensFlares.uasset" 392
"../../../Engine/Content/Functions/Engine_MaterialFunctions02/Utility/BreakOutFloat3Components.uasset" 393
"C:/HWork1/snowShip/octoberBlock/Content/Chameleon/Materials/M_AsciiHLSL.uasset" 394
"../../../Engine/Content/Functions/Engine_MaterialFunctions03/Blends/Blend_Overlay.uasset" 395
"C:/HWork1/snowShip/octoberBlock/Content/Chameleon/Materials/M_BleachBypass.uasset" 396
"C:/HWork1/snowShip/octoberBlock/Content/Chameleon/Materials/M_BlurHLSL.uasset" 397
"C:/HWork1/snowShip/octoberBlock/Content/Chameleon/Materials/M_CameraShake.uasset" 398
"C:/HWork1/snowShip/octoberBlock/Content/Chameleon/Materials/M_ChannelClamper.uasset" 399
"../../../Engine/Content/Functions/Engine_MaterialFunctions02/SplitComponents.uasset" 400
"C:/HWork1/snowShip/octoberBlock/Content/Chameleon/Materials/M_ChannelSwapper.uasset" 401
"C:/HWork1/snowShip/octoberBlock/Content/Chameleon/Materials/M_Circles.uasset" 402
"C:/HWork1/snowShip/octoberBlock/Content/Chameleon/Materials/M_ColoredAO.uasset" 403
"C:/HWork1/snowShip/octoberBlock/Content/Chameleon/Materials/M_ColorIndexer.uasset" 404
"C:/HWork1/snowShip/octoberBlock/Content/Chameleon/MaterialFunctions/MF_FXHSVLimiter.uasset" 405
"C:/HWork1/snowShip/octoberBlock/Content/Chameleon/Materials/M_ColorizeHLSL.uasset" 406
"C:/HWork1/snowShip/octoberBlock/Content/Chameleon/Materials/M_ComicEdgeHLSL.uasset" 407
"C:/HWork1/snowShip/octoberBlock/Content/Chameleon/Materials/M_CustomDepthHighlighter.uasset" 408
"C:/HWork1/snowShip/octoberBlock/Content/Chameleon/Materials/M_CustomDepthHighlighterClip.uasset" 409
"../../../Engine/Content/Functions/Engine_MaterialFunctions02/ExampleContent/Gradient.uasset" 410
"../../../Engine/Content/Functions/Engine_MaterialFunctions02/ExampleContent/Greyscale.uasset" 411
"../../../Engine/Content/Functions/Engine_MaterialFunctions02/Gradients/GradientMap_Multi.uasset" 412
"../../../Engine/Content/Functions/Engine_MaterialFunctions02/HueShift.uasset" 413
"C:/HWork1/snowShip/octoberBlock/Content/Chameleon/Textures/5PixelColors.uasset" 414
"C:/HWork1/snowShip/octoberBlock/Content/Chameleon/Materials/M_CyberScan.uasset" 415
"C:/HWork1/snowShip/octoberBlock/Content/Chameleon/Materials/M_Digitize.uasset" 416
"C:/HWork1/snowShip/octoberBlock/Content/Chameleon/Materials/M_DiscoBall.uasset" 417
"../../../Engine/Content/Functions/Engine_MaterialFunctions02/ExampleContent/Textures/newhplaneNormalsMap.uasset" 418
"C:/HWork1/snowShip/octoberBlock/Content/Chameleon/Materials/M_DistanceDistortion.uasset" 419
"C:/HWork1/snowShip/octoberBlock/Content/Chameleon/Materials/M_DistanceFog.uasset" 420
"C:/HWork1/snowShip/octoberBlock/Content/Chameleon/Textures/T_Bayer.uasset" 421
"C:/HWork1/snowShip/octoberBlock/Content/Chameleon/Materials/M_Dither.uasset" 422
"C:/HWork1/snowShip/octoberBlock/Content/Chameleon/Materials/M_Drawing.uasset" 423
"C:/HWork1/snowShip/octoberBlock/Content/Chameleon/Materials/M_Drug.uasset" 424
"../../../Engine/Content/Functions/Engine_MaterialFunctions02/Utility/MakeFloat4.uasset" 425
"C:/HWork1/snowShip/octoberBlock/Content/Chameleon/Materials/M_EdgeDetect3x3HLSL.uasset" 426
"C:/HWork1/snowShip/octoberBlock/Content/Chameleon/Textures/T_ChameleonLogoTransparent.uasset" 427
"C:/HWork1/snowShip/octoberBlock/Content/Chameleon/Materials/M_Editor_ChameleonIcon.uasset" 428
"C:/HWork1/snowShip/octoberBlock/Content/Chameleon/Materials/M_Emboss3x3HLSL.uasset" 429
"C:/HWork1/snowShip/octoberBlock/Content/Chameleon/Textures/T_MossyWood.uasset" 430
"C:/HWork1/snowShip/octoberBlock/Content/Chameleon/Materials/M_Frost.uasset" 431
"C:/HWork1/snowShip/octoberBlock/Content/Chameleon/Materials/M_GlitchHLSL.uasset" 432
"C:/HWork1/snowShip/octoberBlock/Content/Chameleon/Textures/T_Noise.uasset" 433
"C:/HWork1/snowShip/octoberBlock/Content/Chameleon/Materials/M_GradientFog.uasset" 434
"C:/HWork1/snowShip/octoberBlock/Content/Chameleon/Materials/M_GridCell.uasset" 435
"C:/HWork1/snowShip/octoberBlock/Content/Chameleon/Materials/M_HardEmbossHLSL.uasset" 436
"../../../Engine/Content/EngineResources/DefaultTexture.uasset" 437
"../../../Engine/Content/Functions/Engine_MaterialFunctions03/Texturing/WorldCoordinate3Way.uasset" 438
"C:/HWork1/snowShip/octoberBlock/Content/Chameleon/Textures/T_Organic03.uasset" 439
"C:/HWork1/snowShip/octoberBlock/Content/Chameleon/Materials/M_Haunted.uasset" 440
"../../../Engine/Content/Functions/Engine_MaterialFunctions02/Utility/MakeFloat3.uasset" 441
"C:/HWork1/snowShip/octoberBlock/Content/Chameleon/Materials/M_HazyLights.uasset" 442
"C:/HWork1/snowShip/octoberBlock/Content/Chameleon/Materials/M_HUEPanner.uasset" 443
"C:/HWork1/snowShip/octoberBlock/Content/Chameleon/Materials/M_Infected.uasset" 444
"../../../Engine/Content/Functions/Engine_MaterialFunctions02/Utility/BreakOutFloat4Components.uasset" 445
"C:/HWork1/snowShip/octoberBlock/Content/Chameleon/Materials/M_Invert.uasset" 446
"C:/HWork1/snowShip/octoberBlock/Content/Chameleon/Materials/M_Iridescent.uasset" 447
"../../../Engine/Content/Functions/Engine_MaterialFunctions02/Utility/VectorLength.uasset" 448
"C:/HWork1/snowShip/octoberBlock/Content/Chameleon/Materials/M_Kaleidescope.uasset" 449
"../../../Engine/Content/Functions/Engine_MaterialFunctions03/Blends/Blend_Darken.uasset" 450
"C:/HWork1/snowShip/octoberBlock/Content/Chameleon/Materials/M_Kuwahara.uasset" 451
"C:/HWork1/snowShip/octoberBlock/Content/Chameleon/Textures/T_ScopePlaceholder.uasset" 452
"C:/HWork1/snowShip/octoberBlock/Content/Chameleon/Materials/M_LensDistortion.uasset" 453
"C:/HWork1/snowShip/octoberBlock/Content/Chameleon/Textures/T_Black.uasset" 454
"C:/HWork1/snowShip/octoberBlock/Content/Chameleon/Materials/M_Letterboxing.uasset" 455
"C:/HWork1/snowShip/octoberBlock/Content/Chameleon/Textures/2K_Masks/T_Mask1.uasset" 456
"C:/HWork1/snowShip/octoberBlock/Content/Chameleon/Textures/T_GameOver.uasset" 457
"C:/HWork1/snowShip/octoberBlock/Content/Chameleon/Materials/M_MagicTransitions.uasset" 458
"C:/HWork1/snowShip/octoberBlock/Content/Chameleon/Materials/M_MeltedWorld.uasset" 459
"../../../Engine/Content/Functions/Engine_MaterialFunctions01/Texturing/FlattenNormal.uasset" 460
"../../../Engine/Content/Functions/Engine_MaterialFunctions02/Utility/BlendAngleCorrectedNormals.uasset" 461
"../../../Engine/Content/Functions/Engine_MaterialFunctions03/Procedurals/NormalFromHeightmap.uasset" 462
"C:/HWork1/snowShip/octoberBlock/Content/Chameleon/Textures/2K_Masks/T_Mask19.uasset" 463
"C:/HWork1/snowShip/octoberBlock/Content/Chameleon/Textures/2K_Masks/T_Mask3.uasset" 464
"C:/HWork1/snowShip/octoberBlock/Content/Chameleon/Materials/M_Mojo.uasset" 465
"C:/HWork1/snowShip/octoberBlock/Content/Chameleon/Materials/M_MonitorEffects.uasset" 466
"C:/HWork1/snowShip/octoberBlock/Content/Chameleon/Materials/M_MonochromeHLSL.uasset" 467
"C:/HWork1/snowShip/octoberBlock/Content/Chameleon/Materials/M_MosaicTile.uasset" 468
"../../../Engine/Content/Functions/Engine_MaterialFunctions02/SmoothThreshold.uasset" 469
"C:/HWork1/snowShip/octoberBlock/Content/Chameleon/Textures/T_NoiseDspatial.uasset" 470
"C:/HWork1/snowShip/octoberBlock/Content/Chameleon/Materials/M_Neon.uasset" 471
"C:/HWork1/snowShip/octoberBlock/Content/Chameleon/Materials/M_PixelDissolve.uasset" 472
"C:/HWork1/snowShip/octoberBlock/Content/Chameleon/Materials/M_Pulse.uasset" 473
"C:/HWork1/snowShip/octoberBlock/Content/Chameleon/Materials/M_Pyramid.uasset" 474
"C:/HWork1/snowShip/octoberBlock/Content/Chameleon/Materials/M_RadialBlurHLSL.uasset" 475
"C:/HWork1/snowShip/octoberBlock/Content/Chameleon/Materials/M_ScratchesHLSL.uasset" 476
"../../../Engine/Content/Functions/Engine_MaterialFunctions01/Gradient/BoxMask-2D.uasset" 477
"C:/HWork1/snowShip/octoberBlock/Content/Chameleon/Textures/2K_Masks/T_Mask9.uasset" 478
"C:/HWork1/snowShip/octoberBlock/Content/Chameleon/Materials/M_ScreenDamage.uasset" 479
"C:/HWork1/snowShip/octoberBlock/Content/Chameleon/Textures/T_BulletHole.uasset" 480
"C:/HWork1/snowShip/octoberBlock/Content/Chameleon/Materials/M_ScreenDecals.uasset" 481
"C:/HWork1/snowShip/octoberBlock/Content/Chameleon/Textures/T_CobbleStone_Pebble_N.uasset" 482
"C:/HWork1/snowShip/octoberBlock/Content/Chameleon/Textures/T_Screendrops.uasset" 483
"C:/HWork1/snowShip/octoberBlock/Content/Chameleon/Textures/T_ShadowRocks2.uasset" 484
"C:/HWork1/snowShip/octoberBlock/Content/Chameleon/Textures/T_WaterDrops.uasset" 485
"C:/HWork1/snowShip/octoberBlock/Content/Chameleon/Materials/M_ScreenDrops.uasset" 486
"../../../Engine/Content/Functions/Engine_MaterialFunctions01/Gradient/LinearGradient.uasset" 487
"C:/HWork1/snowShip/octoberBlock/Content/Chameleon/Materials/M_ScreenFire.uasset" 488
"C:/HWork1/snowShip/octoberBlock/Content/Chameleon/Materials/M_ScreenWavesHLSL.uasset" 489
"../../../Engine/Content/Functions/Engine_MaterialFunctions01/Texturing/ComputeMipLevel.uasset" 490
"../../../Engine/Content/Functions/Engine_MaterialFunctions01/Texturing/TextureCropping.uasset" 491
"../../../Engine/Content/Functions/Engine_MaterialFunctions02/ExampleContent/DebugNumberStrip.uasset" 492
"../../../Engine/Content/Functions/Engine_MaterialFunctions02/ExampleContent/Textures/DebugNumberPeriod.uasset" 493
"../../../Engine/Content/Functions/Engine_MaterialFunctions02/Utility/DebugScalarValues.uasset" 494
"../../../Engine/Content/Functions/Engine_MaterialFunctions02/Utility/DebugFloat3Values.uasset" 495
"../../../Engine/Content/Functions/Engine_MaterialFunctions02/Math/RGBtoHSV.uasset" 496
"C:/HWork1/snowShip/octoberBlock/Content/Chameleon/Materials/M_SelectiveColor.uasset" 497
"C:/HWork1/snowShip/octoberBlock/Content/Chameleon/Materials/M_Sharpen.uasset" 498
"../../../Engine/Content/Functions/DistanceFields/Shapes/DistanceField_Sphere.uasset" 499
"C:/HWork1/snowShip/octoberBlock/Content/Chameleon/Materials/M_Sketch.uasset" 500
"C:/HWork1/snowShip/octoberBlock/Content/Chameleon/Materials/M_Snow.uasset" 501
"C:/HWork1/snowShip/octoberBlock/Content/Chameleon/Materials/M_Sonar.uasset" 502
"C:/HWork1/snowShip/octoberBlock/Content/Chameleon/Materials/M_Speedlines.uasset" 503
"C:/HWork1/snowShip/octoberBlock/Content/Chameleon/Materials/M_Squares.uasset" 504
"C:/HWork1/snowShip/octoberBlock/Content/Chameleon/Materials/M_Tiles.uasset" 505
"C:/HWork1/snowShip/octoberBlock/Content/Chameleon/Materials/M_ToonShading.uasset" 506
"C:/HWork1/snowShip/octoberBlock/Content/Chameleon/Materials/M_TVNoise.uasset" 507
"C:/HWork1/snowShip/octoberBlock/Content/Chameleon/Materials/M_Wired.uasset" 508
"C:/HWork1/snowShip/octoberBlock/Content/Chameleon/Materials/M_WorldGlitch.uasset" 509
"C:/HWork1/snowShip/octoberBlock/Content/Chameleon/Materials/M_WorldSplash.uasset" 510
"C:/HWork1/snowShip/octoberBlock/Content/Chameleon/Materials/M_Zone.uasset" 511
"C:/HWork1/snowShip/octoberBlock/Content/Chameleon/Enums/colorChannels.uasset" 512
"C:/HWork1/snowShip/octoberBlock/Content/Chameleon/Enums/DrawingNoiseModes.uasset" 513
"C:/HWork1/snowShip/octoberBlock/Content/Chameleon/Enums/LOOKPresetsEnum.uasset" 514
"C:/HWork1/snowShip/octoberBlock/Content/Chameleon/Textures/2K_Masks/T_Mask13.uasset" 515
"C:/HWork1/snowShip/octoberBlock/Content/Chameleon/Textures/2K_Masks/T_Mask4.uasset" 516
"C:/HWork1/snowShip/octoberBlock/Content/Chameleon/Textures/2K_Masks/T_Mask5.uasset" 517
"C:/HWork1/snowShip/octoberBlock/Content/Chameleon/Textures/2K_Masks/T_Mask7.uasset" 518
"C:/HWork1/snowShip/octoberBlock/Content/Chameleon/Textures/T_BloodDrops.uasset" 519
"C:/HWork1/snowShip/octoberBlock/Content/Chameleon/Textures/T_Paper2.uasset" 520
"C:/HWork1/snowShip/octoberBlock/Content/Chameleon/Chameleon.uasset" 521
"C:/HWork1/snowShip/octoberBlock/Content/WwiseAudio/Events/Default_Work_Unit/sfx_Garbage_PickUp.uasset" 522
"../../../Engine/Content/Functions/Engine_MaterialFunctions01/WorldPositionOffset/SimpleGrassWind.uasset" 523
"C:/HWork1/snowShip/octoberBlock/Content/M_/M_FishMove.uasset" 524
"C:/HWork1/snowShip/octoberBlock/Content/M_/M_FishMove_Inst2.uasset" 525
"C:/HWork1/snowShip/octoberBlock/Content/M_/M_FishMove_Inst3.uasset" 526
"C:/HWork1/snowShip/octoberBlock/Content/M_/M_FishMove_Inst4.uasset" 527
"C:/HWork1/snowShip/octoberBlock/Content/Mannequin/Character/Materials/MaterialLayers/T_ML_Aluminum01_N.uasset" 528
"C:/HWork1/snowShip/octoberBlock/Content/StarterContent/Textures/T_Perlin_Noise_M.uasset" 529
"C:/HWork1/snowShip/octoberBlock/Content/M_/MM.uasset" 530
"C:/HWork1/snowShip/octoberBlock/Content/M_/MM_Inst6.uasset" 531
"C:/HWork1/snowShip/octoberBlock/Content/M_/MM_Inst6_Inst3.uasset" 532
"C:/HWork1/snowShip/octoberBlock/Content/SK_/Fish/SK_Fish_PhysicsAsset.uasset" 533
"C:/HWork1/snowShip/octoberBlock/Content/SK_/Fish/SK_Fish_Skeleton.uasset" 534
"C:/HWork1/snowShip/octoberBlock/Content/SK_/Fish/SK_Fish.uasset" 535
"C:/HWork1/snowShip/octoberBlock/Content/P_/BP_Fish.uasset" 536
"C:/HWork1/snowShip/octoberBlock/Content/ThirdPersonBP/Blueprints/BP_SnowShipPlayerController.uasset" 537
"../../../Engine/Content/Functions/Engine_MaterialFunctions01/AlphaBlend/WorldAlignedBlend.uasset" 538
"C:/HWork1/snowShip/octoberBlock/Content/StarterContent/Textures/T_Concrete_Grime_D.uasset" 539
"C:/HWork1/snowShip/octoberBlock/Content/StarterContent/Textures/T_Concrete_Panels_N.uasset" 540
"C:/HWork1/snowShip/octoberBlock/Content/M_/M_Moss.uasset" 541
"C:/HWork1/snowShip/octoberBlock/Content/M_/MM_Inst6_Inst.uasset" 542
"C:/HWork1/snowShip/octoberBlock/Content/M_/MI_Duck.uasset" 543
"C:/HWork1/snowShip/octoberBlock/Content/M_/MM_Inst15.uasset" 544
"C:/HWork1/snowShip/octoberBlock/Content/SK_/Trash/SK_trash_2_PhysicsAsset.uasset" 545
"C:/HWork1/snowShip/octoberBlock/Content/SK_/Trash/SK_trash_2_Skeleton.uasset" 546
"C:/HWork1/snowShip/octoberBlock/Content/SK_/Trash/SK_trash_2.uasset" 547
"C:/HWork1/snowShip/octoberBlock/Content/ThirdPersonBP/Blueprints/BP_ThrashActor.uasset" 548
"C:/HWork1/snowShip/octoberBlock/Content/FX/Material/Niagara/Opacity_Mesh_FX.uasset" 549
"../../Plugins/FX/Niagara/Content/DynamicInputs/Angles/NormalizedAngleToDegrees.uasset" 550
"../../Plugins/FX/Niagara/Content/DynamicInputs/LinearColor/MakeLinearColorFromVectorAndFloat.uasset" 551
"../../Plugins/FX/Niagara/Content/DynamicInputs/Multiply/Multiply_VectorByFloat.uasset" 552
"../../Plugins/FX/Niagara/Content/DynamicInputs/ScaleByCurve/ScaleFloatByCurve.uasset" 553
"../../Plugins/FX/Niagara/Content/DynamicInputs/TypeConversions/VectorFromFloat.uasset" 554
"../../Plugins/FX/Niagara/Content/Enums/ENiagaraRandomnessMode.uasset" 555
"../../Plugins/FX/Niagara/Content/Functions/GetRandomInfo.uasset" 556
"../../Plugins/FX/Niagara/Content/Functions/RandomRangeFloat.uasset" 557
"../../Plugins/FX/Niagara/Content/DynamicInputs/UniformRange/UniformRangedFloat.uasset" 558
"../../Plugins/FX/Niagara/Content/DynamicInputs/UniformRange/UniformRangedVector.uasset" 559
"../../Plugins/FX/Niagara/Content/DynamicInputs/ValueFromCurve/FloatFromCurve.uasset" 560
"../../Plugins/FX/Niagara/Content/Functions/Localspace/SimulationPosition.uasset" 561
"../../Plugins/FX/Niagara/Content/Functions/Emitter/EmitterChangeState.uasset" 562
"../../Plugins/FX/Niagara/Content/Enums/ENiagara_EmitterStateOptions.uasset" 563
"../../Plugins/FX/Niagara/Content/Enums/ENiagara_InfiniteLoopDuration.uasset" 564
"../../Plugins/FX/Niagara/Content/Enums/ENiagaraEmitterLifeCycleMode.uasset" 565
"../../Plugins/FX/Niagara/Content/Enums/ENiagaraEmitterScalabilityMode_Limited.uasset" 566
"../../Plugins/FX/Niagara/Content/Enums/ENiagaraExecutionStateManagement.uasset" 567
"../../Plugins/FX/Niagara/Content/Enums/ENiagaraInactiveMode.uasset" 568
"../../Plugins/FX/Niagara/Content/Modules/Emitter/EmitterState.uasset" 569
"../../Plugins/FX/Niagara/Content/Modules/Emitter/SpawnRate.uasset" 570
"../../Plugins/FX/Niagara/Content/Functions/DirectionAndLengthSafe.uasset" 571
"../../Plugins/FX/Niagara/Content/Modules/Solvers/SolveForcesAndVelocity.uasset" 572
"../../Plugins/FX/Niagara/Content/Modules/Spawn/Initialization/InitializeParticle.uasset" 573
"../../Plugins/FX/Niagara/Content/Enums/ENiagaraCoordinateSpace.uasset" 574
"../../Plugins/FX/Niagara/Content/Functions/Localspace/ENiagaraCoordinateSpace.uasset" 575
"../../Plugins/FX/Niagara/Content/Functions/Localspace/TransformBase.uasset" 576
"../../Plugins/FX/Niagara/Content/Functions/Localspace/TransformVector.uasset" 577
"../../Plugins/FX/Niagara/Content/Functions/RandomPointInSphere.uasset" 578
"../../Plugins/FX/Niagara/Content/Enums/ENiagaraExpansionMode.uasset" 579
"../../Plugins/FX/Niagara/Content/Enums/ENiagaraTorusDistributionMode.uasset" 580
"../../Plugins/FX/Niagara/Content/Modules/Spawn/Location/SphereLocation.uasset" 581
"../../Plugins/FX/Niagara/Content/Functions/Rotation/FindQuatBetween.uasset" 582
"../../Plugins/FX/Niagara/Content/Functions/Rotation/MultiplyQuaternion.uasset" 583
"../../Plugins/FX/Niagara/Content/Functions/Rotation/AxisAngleToQuaternion.uasset" 584
"../../Plugins/FX/Niagara/Content/Modules/Solvers/ApplyRotationVector.uasset" 585
"../../Plugins/FX/Niagara/Content/Enums/ENiagaraMeshTransforms.uasset" 586
"../../Plugins/FX/Niagara/Content/Modules/Spawn/Orientation/V2/InitialMeshOrientation.uasset" 587
"../../Plugins/FX/Niagara/Content/Modules/Spawn/Velocity/AddVelocity.uasset" 588
"../../Plugins/FX/Niagara/Content/Enums/ENiagaraScaleColorMode.uasset" 589
"../../Plugins/FX/Niagara/Content/Modules/Update/Color/ScaleColor.uasset" 590
"../../Plugins/FX/Niagara/Content/Modules/Update/Forces/Drag.uasset" 591
"../../Plugins/FX/Niagara/Content/Modules/Update/Forces/GravityForce.uasset" 592
"../../Plugins/FX/Niagara/Content/Modules/Update/Lifetime/ParticleState.uasset" 593
"../../Plugins/FX/Niagara/Content/Modules/Update/Size/ScaleMeshSize.uasset" 594
"C:/HWork1/snowShip/octoberBlock/Content/FX/Material/Niagara/Base_Mesh_FX.uasset" 595
"C:/HWork1/snowShip/octoberBlock/Content/FX/Mesh/PolygonSphere.uasset" 596
"C:/HWork1/snowShip/octoberBlock/Content/FX/Niagara/DustEmitter.uasset" 597
"../../Plugins/FX/Niagara/Content/Functions/System/SystemChangeState.uasset" 598
"../../Plugins/FX/Niagara/Content/Enums/ENiagaraSystemInactiveMode.uasset" 599
"../../Plugins/FX/Niagara/Content/Modules/System/SystemState.uasset" 600
"../../Plugins/FX/Niagara/Content/Enums/ENiagaraVector3_Channels.uasset" 601
"C:/HWork1/snowShip/octoberBlock/Content/FX/Niagara/DustFX.uasset" 602
"../../Plugins/FX/Niagara/Content/DefaultAssets/DefaultRIbbonMaterial.uasset" 603
"C:/HWork1/snowShip/octoberBlock/Content/FX/Niagara/Gudok_02_Emitter.uasset" 604
"../../Plugins/FX/Niagara/Content/DynamicInputs/TypeConversions/BreakVector2D.uasset" 605
"../../Plugins/FX/Niagara/Content/DynamicInputs/UniformRange/UniformRangedVector2D.uasset" 606
"../../Plugins/FX/Niagara/Content/Modules/Emitter/SpawnBurst_Instantaneous.uasset" 607
"../../Plugins/FX/Niagara/Content/Modules/Update/Size/ScaleSpriteSize.uasset" 608
"C:/HWork1/snowShip/octoberBlock/Content/FX/Niagara/GudokEmitter.uasset" 609
"C:/HWork1/snowShip/octoberBlock/Content/FX/Niagara/GudokEmitter_System.uasset" 610
"C:/HWork1/snowShip/octoberBlock/Content/M_/MM_ice.uasset" 611
"../../Plugins/FX/Niagara/Content/DynamicInputs/ValueFromCurve/VectorFromCurve.uasset" 612
"../../Plugins/FX/Niagara/Content/Functions/Math/RemapValueRange.uasset" 613
"../../Plugins/FX/Niagara/Content/Functions/PolarToCartesianCoordinates.uasset" 614
"../../Plugins/FX/Niagara/Content/Functions/RandomVectorInCone.uasset" 615
"../../Plugins/FX/Niagara/Content/Functions/Rotation/MultiplyVectorWithQuaternion.uasset" 616
"../../Plugins/FX/Niagara/Content/Modules/Spawn/Velocity/AddVelocityInCone.uasset" 617
"C:/HWork1/snowShip/octoberBlock/Content/StarterContent/Materials/M_Basic_Wall.uasset" 618
"C:/HWork1/snowShip/octoberBlock/Content/StarterContent/Shapes/Shape_TriPyramid.uasset" 619
"C:/HWork1/snowShip/octoberBlock/Content/FX/Niagara/WaterSplash_Emitter.uasset" 620
"C:/HWork1/snowShip/octoberBlock/Content/FX/Niagara/WaterSplash_Emitter_System.uasset" 621
"C:/HWork1/snowShip/octoberBlock/Content/StarterContent/Textures/T_Metal_Gold_N.uasset" 622
"C:/HWork1/snowShip/octoberBlock/Content/StarterContent/Textures/T_Rock_Marble_Polished_D.uasset" 623
"C:/HWork1/snowShip/octoberBlock/Content/SK_/Boat/M_Moss_I_16.uasset" 624
"C:/HWork1/snowShip/octoberBlock/Content/SK_/Boat/M_Moss_I_18.uasset" 625
"../../../Engine/Content/Functions/Engine_MaterialFunctions01/Density/ExponentialDensity.uasset" 626
"../../../Engine/Content/Functions/Engine_MaterialFunctions01/Gradient/RadialGradientExponential.uasset" 627
"C:/HWork1/snowShip/octoberBlock/Content/M_/fun/T_Cloud.uasset" 628
"C:/HWork1/snowShip/octoberBlock/Content/M_/M_Translusent.uasset" 629
"C:/HWork1/snowShip/octoberBlock/Content/SK_/Boat/M_Translusent_Back_1.uasset" 630
"C:/HWork1/snowShip/octoberBlock/Content/M_/tex/Untitled-1.uasset" 631
"C:/HWork1/snowShip/octoberBlock/Content/SK_/Boat/MBoat_light.uasset" 632
"C:/HWork1/snowShip/octoberBlock/Content/SK_/Boat/MM_Inst13.uasset" 633
"C:/HWork1/snowShip/octoberBlock/Content/SK_/Boat/MM_Paluba.uasset" 634
"C:/HWork1/snowShip/octoberBlock/Content/SK_/Boat/SK_Boat_1_PhysicsAsset.uasset" 635
"C:/HWork1/snowShip/octoberBlock/Content/SK_/Boat/SK_Boat_1.uasset" 636
"C:/HWork1/snowShip/octoberBlock/Content/M_/M_Translusent_Light.uasset" 637
"C:/HWork1/snowShip/octoberBlock/Content/SM_/SM_con.uasset" 638
"C:/HWork1/snowShip/octoberBlock/Content/WwiseAudio/Events/Default_Work_Unit/sfx_Click_Confirm.uasset" 639
"C:/HWork1/snowShip/octoberBlock/Content/ThirdPersonBP/Blueprints/AudioSingletone.uasset" 640
"C:/HWork1/snowShip/octoberBlock/Content/ThirdPersonBP/Blueprints/NewFunctionLibrary.uasset" 641
"C:/HWork1/snowShip/octoberBlock/Content/ThirdPersonBP/UI/StartGameUI.uasset" 642
"C:/HWork1/snowShip/octoberBlock/Content/ThirdPersonBP/Blueprints/BP_ShipCharacter.uasset" 643
"C:/HWork1/snowShip/octoberBlock/Content/ThirdPersonBP/Blueprints/BP_TeleportPoint.uasset" 644
"C:/HWork1/snowShip/octoberBlock/Content/ThirdPersonBP/Blueprints/TeleportInfo_Struct.uasset" 645
"C:/HWork1/snowShip/octoberBlock/Content/ThirdPersonBP/Blueprints/BP_SnowShipGameMode.uasset" 646
"C:/HWork1/snowShip/octoberBlock/Content/ThirdPersonBP/Blueprints/DaytimesStruct.uasset" 647
"C:/HWork1/snowShip/octoberBlock/Content/ThirdPersonBP/UI/CollectTrashUi.uasset" 648
"C:/HWork1/snowShip/octoberBlock/Content/ThirdPersonBP/Blueprints/BP_LevelTeleport.uasset" 649
"C:/HWork1/snowShip/octoberBlock/Content/M_/SkySphereMaterial1.uasset" 650
"C:/HWork1/snowShip/octoberBlock/Content/M_/SkySphere_1.uasset" 651
"C:/HWork1/snowShip/octoberBlock/Content/SM_/SM_Back.uasset" 652
"C:/HWork1/snowShip/octoberBlock/Content/BP_/Back_Change.uasset" 653
"C:/HWork1/snowShip/octoberBlock/Content/SK_/Boat/MBoat_light1.uasset" 654
"C:/HWork1/snowShip/octoberBlock/Content/SM_/SM_A.uasset" 655
"C:/HWork1/snowShip/octoberBlock/Content/SM_/SM_Arrow.uasset" 656
"C:/HWork1/snowShip/octoberBlock/Content/SM_/SM_D.uasset" 657
"C:/HWork1/snowShip/octoberBlock/Content/SM_/SM_S.uasset" 658
"C:/HWork1/snowShip/octoberBlock/Content/SM_/SM_W.uasset" 659
"C:/HWork1/snowShip/octoberBlock/Content/BP_/BP_Arrow.uasset" 660
"C:/HWork1/snowShip/octoberBlock/Content/BP_/BP_StartAnim.uasset" 661
"C:/HWork1/snowShip/octoberBlock/Content/SnowShip_BuiltData.uasset" 662
"C:/HWork1/snowShip/octoberBlock/Content/AdvancedVillagePack/Textures/Effects/T_Water_N.uasset" 663
"C:/HWork1/snowShip/octoberBlock/Content/AdvancedVillagePack/Materials/M_Water.uasset" 664
"C:/HWork1/snowShip/octoberBlock/Content/AdvancedVillagePack/Materials/M_Water_Inst.uasset" 665
"C:/HWork1/snowShip/octoberBlock/Content/StarterContent/Textures/T_Ground_Gravel_N.uasset" 666
"C:/HWork1/snowShip/octoberBlock/Content/StarterContent/Textures/T_ground_Moss_D.uasset" 667
"C:/HWork1/snowShip/octoberBlock/Content/M_/M_Moss_I_10.uasset" 668
"C:/HWork1/snowShip/octoberBlock/Content/StarterContent/Textures/T_Concrete_Panels_D.uasset" 669
"C:/HWork1/snowShip/octoberBlock/Content/M_/M_Moss_I_11.uasset" 670
"C:/HWork1/snowShip/octoberBlock/Content/StarterContent/Textures/T_Wood_Pine_D.uasset" 671
"C:/HWork1/snowShip/octoberBlock/Content/StarterContent/Textures/T_Wood_Pine_N.uasset" 672
"C:/HWork1/snowShip/octoberBlock/Content/M_/M_Moss_I_20.uasset" 673
"C:/HWork1/snowShip/octoberBlock/Content/M_/M_Moss_I_27.uasset" 674
"C:/HWork1/snowShip/octoberBlock/Content/M_/M_Moss_I_3.uasset" 675
"C:/HWork1/snowShip/octoberBlock/Content/StarterContent/Textures/T_Metal_Rust_D.uasset" 676
"C:/HWork1/snowShip/octoberBlock/Content/M_/M_Moss_I_5.uasset" 677
"C:/HWork1/snowShip/octoberBlock/Content/M_/M_Moss_I_6.uasset" 678
"C:/HWork1/snowShip/octoberBlock/Content/M_/M_Moss_I_8.uasset" 679
"C:/HWork1/snowShip/octoberBlock/Content/M_/M_Translusent_Back_3.uasset" 680
"C:/HWork1/snowShip/octoberBlock/Content/M_/M_Translusent_Back_4.uasset" 681
"C:/HWork1/snowShip/octoberBlock/Content/M_/M_Translusent_Inst5.uasset" 682
"C:/HWork1/snowShip/octoberBlock/Content/M_/M_Translusent_Inst6.uasset" 683
"C:/HWork1/snowShip/octoberBlock/Content/M_/MI_hair.uasset" 684
"C:/HWork1/snowShip/octoberBlock/Content/M_/MM_ice1.uasset" 685
"C:/HWork1/snowShip/octoberBlock/Content/M_/MM_ice_1.uasset" 686
"C:/HWork1/snowShip/octoberBlock/Content/M_/MM_Inst20.uasset" 687
"../../../Engine/Content/Functions/Engine_MaterialFunctions01/ImageAdjustment/BlurSampleOffsets.uasset" 688
"C:/HWork1/snowShip/octoberBlock/Content/M_/HSVtoRGB.uasset" 689
"C:/HWork1/snowShip/octoberBlock/Content/M_/PostPr_Mat.uasset" 690
"C:/HWork1/snowShip/octoberBlock/Content/M_/PostPr_Mat_Inst1.uasset" 691
"C:/HWork1/snowShip/octoberBlock/Content/M_/SkySphere_3.uasset" 692
"C:/HWork1/snowShip/octoberBlock/Content/M_/SkySphere_End.uasset" 693
"C:/HWork1/snowShip/octoberBlock/Content/SK_/Boat/MBoat_light3.uasset" 694
"../../../Engine/Content/BasicShapes/Plane.uasset" 695
"../../../Engine/Content/BasicShapes/Sphere.uasset" 696
"C:/HWork1/snowShip/octoberBlock/Content/M_/tex/DefaultTextureCube_1.uasset" 697
"C:/HWork1/snowShip/octoberBlock/Content/M_/tex/T_FlipbookBird_01_Lit_D.uasset" 698
"C:/HWork1/snowShip/octoberBlock/Content/M_/M_Birds.uasset" 699
"C:/HWork1/snowShip/octoberBlock/Content/P_/P_Birds.uasset" 700
"C:/HWork1/snowShip/octoberBlock/Content/P_/P_Birds1.uasset" 701
"C:/HWork1/snowShip/octoberBlock/Content/M_/M_oct.uasset" 702
"C:/HWork1/snowShip/octoberBlock/Content/M_/M_oct1.uasset" 703
"C:/HWork1/snowShip/octoberBlock/Content/SK_/oct/SK_oct_1_PhysicsAsset.uasset" 704
"C:/HWork1/snowShip/octoberBlock/Content/SK_/oct/SK_oct_1.uasset" 705
"C:/HWork1/snowShip/octoberBlock/Content/M_/MM_Inst.uasset" 706
"C:/HWork1/snowShip/octoberBlock/Content/M_/MM_Inst6_Inst1.uasset" 707
"C:/HWork1/snowShip/octoberBlock/Content/SK_/pin/1anim_PhysicsAsset.uasset" 708
"C:/HWork1/snowShip/octoberBlock/Content/SK_/pin/1anim.uasset" 709
"C:/HWork1/snowShip/octoberBlock/Content/M_/M_Moss_I_26.uasset" 710
"C:/HWork1/snowShip/octoberBlock/Content/SK_/Trash/SK_trash_1_PhysicsAsset.uasset" 711
"C:/HWork1/snowShip/octoberBlock/Content/SK_/Trash/SK_trash_1_Skeleton.uasset" 712
"C:/HWork1/snowShip/octoberBlock/Content/SK_/Trash/SK_trash_1.uasset" 713
"C:/HWork1/snowShip/octoberBlock/Content/M_/M_FishMove_Inst1.uasset" 714
"C:/HWork1/snowShip/octoberBlock/Content/SK_/whale/SK_kit_PhysicsAsset.uasset" 715
"C:/HWork1/snowShip/octoberBlock/Content/SK_/whale/SK_kit.uasset" 716
"C:/HWork1/snowShip/octoberBlock/Content/SM_/Cabel/SM_CT_Cable_big__3_.uasset" 717
"C:/HWork1/snowShip/octoberBlock/Content/SM_/Meshes/CubeMaterial.uasset" 718
"C:/HWork1/snowShip/octoberBlock/Content/SM_/Meshes/1M_Cube_Chamfer.uasset" 719
"C:/HWork1/snowShip/octoberBlock/Content/SM_/SM_BigTrash.uasset" 720
"C:/HWork1/snowShip/octoberBlock/Content/StarterContent/Textures/T_Metal_Aluminum_D.uasset" 721
"C:/HWork1/snowShip/octoberBlock/Content/M_/M_Moss_I_4.uasset" 722
"C:/HWork1/snowShip/octoberBlock/Content/SM_/SM_Cabel_Boat.uasset" 723
"C:/HWork1/snowShip/octoberBlock/Content/M_/MM_Inst21.uasset" 724
"C:/HWork1/snowShip/octoberBlock/Content/SM_/SM_Cabel_Boat_1.uasset" 725
"C:/HWork1/snowShip/octoberBlock/Content/M_/MI_Duck1.uasset" 726
"C:/HWork1/snowShip/octoberBlock/Content/SM_/SM_Duck_2.uasset" 727
"C:/HWork1/snowShip/octoberBlock/Content/M_/M_FishMove_Inst5.uasset" 728
"C:/HWork1/snowShip/octoberBlock/Content/SM_/SM_Fish.uasset" 729
"C:/HWork1/snowShip/octoberBlock/Content/SM_/SM_Stonepath_Var01.uasset" 730
"C:/HWork1/snowShip/octoberBlock/Content/SM_/SM_Stonepath_Var02.uasset" 731
"C:/HWork1/snowShip/octoberBlock/Content/SM_/SM_Stonepath_Var03.uasset" 732
"C:/HWork1/snowShip/octoberBlock/Content/SM_/SM_StreetLamp_mdl_2.uasset" 733
"C:/HWork1/snowShip/octoberBlock/Content/SM_/SM_Template_Map_Floor_1.uasset" 734
"C:/HWork1/snowShip/octoberBlock/Content/SM_/SM_Tree.uasset" 735
"C:/HWork1/snowShip/octoberBlock/Content/M_/M_Moss_I_7.uasset" 736
"C:/HWork1/snowShip/octoberBlock/Content/SM_/SM_WoodPlank.uasset" 737
"C:/HWork1/snowShip/octoberBlock/Content/M_/M_Moss_I_22.uasset" 738
"C:/HWork1/snowShip/octoberBlock/Content/M_/M_Moss_I_25.uasset" 739
"C:/HWork1/snowShip/octoberBlock/Content/M_/M_Translusent_Inst.uasset" 740
"C:/HWork1/snowShip/octoberBlock/Content/M_/MM_Inst10.uasset" 741
"C:/HWork1/snowShip/octoberBlock/Content/SM_/some_mesh/SM_.uasset" 742
"C:/HWork1/snowShip/octoberBlock/Content/SM_/some_mesh/SM_1.uasset" 743
"C:/HWork1/snowShip/octoberBlock/Content/SM_/some_mesh/sm_en_TrashBag_01_01.uasset" 744
"C:/HWork1/snowShip/octoberBlock/Content/SM_/some_mesh/SM_Kris.uasset" 745
"C:/HWork1/snowShip/octoberBlock/Content/SM_/some_mesh/StaticMesh_Bite_1.uasset" 746
"C:/HWork1/snowShip/octoberBlock/Content/SM_/some_mesh/StaticMesh_Bite_2.uasset" 747
"C:/HWork1/snowShip/octoberBlock/Content/SM_/some_mesh/StaticMesh_Bite_3.uasset" 748
"C:/HWork1/snowShip/octoberBlock/Content/SnowShip.umap" 749
"C:/HWork1/snowShip/octoberBlock/Content/SnowShip_Gameplay.umap" 750
"C:/HWork1/snowShip/octoberBlock/Content/WwiseAudio/Events/Default_Work_Unit/amb_global_ambient.uasset" 751
"C:/HWork1/snowShip/octoberBlock/Content/WwiseAudio/Events/Default_Work_Unit/sfx_Seagulls.uasset" 752
"C:/HWork1/snowShip/octoberBlock/Content/SnowShip_Sub.umap" 753
