Log file open, 06/10/20 01:58:37
LogInit: Display: Running engine for game: octoberBlock
LogPlatformFile: Not using cached read wrapper
LogTaskGraph: Started task graph with 5 named threads and 47 total threads with 3 sets of task threads.
LogStats: Stats thread started at 0.131971
LogD3D11RHI: Loaded GFSDK_Aftermath_Lib.x64.dll
LogICUInternationalization: ICU TimeZone Detection - Raw Offset: +3:00, Platform Override: ''
LogPluginManager: Mounting plugin Paper2D
LogPluginManager: Mounting plugin AISupport
LogPluginManager: Mounting plugin LightPropagationVolume
LogPluginManager: Mounting plugin CameraShakePreviewer
LogPluginManager: Mounting plugin ActorLayerUtilities
LogPluginManager: Mounting plugin AnimationSharing
LogPluginManager: Mounting plugin CLionSourceCodeAccess
LogPluginManager: Mounting plugin CodeLiteSourceCodeAccess
LogPluginManager: Mounting plugin GitSourceControl
LogPluginManager: Mounting plugin KDevelopSourceCodeAccess
LogPluginManager: Mounting plugin NullSourceCodeAccess
LogPluginManager: Mounting plugin PerforceSourceControl
LogPluginManager: Mounting plugin PlasticSourceControl
LogPluginManager: Mounting plugin RiderSourceCodeAccess
LogPluginManager: Mounting plugin SubversionSourceControl
LogPluginManager: Mounting plugin UObjectPlugin
LogPluginManager: Mounting plugin VisualStudioCodeSourceCodeAccess
LogPluginManager: Mounting plugin VisualStudioSourceCodeAccess
LogPluginManager: Mounting plugin XCodeSourceCodeAccess
LogPluginManager: Mounting plugin AssetManagerEditor
LogPluginManager: Mounting plugin CryptoKeys
LogPluginManager: Mounting plugin CurveEditorTools
LogPluginManager: Mounting plugin DataValidation
LogPluginManager: Mounting plugin EditorScriptingUtilities
LogPluginManager: Mounting plugin FacialAnimation
LogPluginManager: Mounting plugin GameplayTagsEditor
LogPluginManager: Mounting plugin GeometryMode
LogPluginManager: Mounting plugin MacGraphicsSwitching
LogPluginManager: Mounting plugin MaterialAnalyzer
LogPluginManager: Mounting plugin MobileLauncherProfileWizard
LogPluginManager: Mounting plugin PluginBrowser
LogPluginManager: Mounting plugin SpeedTreeImporter
LogPluginManager: Mounting plugin DatasmithContent
LogPluginManager: Mounting plugin VariantManagerContent
LogPluginManager: Mounting plugin AlembicImporter
LogPluginManager: Mounting plugin AutomationUtils
LogPluginManager: Mounting plugin BackChannel
LogPluginManager: Mounting plugin ChaosCloth
LogPluginManager: Mounting plugin ChaosClothEditor
LogPluginManager: Mounting plugin ChaosEditor
LogPluginManager: Mounting plugin ChaosNiagara
LogPluginManager: Mounting plugin ChaosSolverPlugin
LogPluginManager: Mounting plugin CharacterAI
LogPluginManager: Mounting plugin GeometryCache
LogPluginManager: Mounting plugin GeometryCollectionPlugin
LogPluginManager: Mounting plugin GeometryProcessing
LogPluginManager: Mounting plugin PlanarCut
LogPluginManager: Mounting plugin PlatformCrypto
LogPluginManager: Mounting plugin ProxyLODPlugin
LogPluginManager: Mounting plugin SkeletalReduction
LogPluginManager: Mounting plugin Niagara
LogPluginManager: Mounting plugin MagicLeap
LogPluginManager: Mounting plugin MagicLeapLightEstimation
LogPluginManager: Mounting plugin MagicLeapMedia
LogPluginManager: Mounting plugin MagicLeapPassableWorld
LogPluginManager: Mounting plugin MLSDK
LogPluginManager: Mounting plugin AndroidMedia
LogPluginManager: Mounting plugin AvfMedia
LogPluginManager: Mounting plugin ImgMedia
LogPluginManager: Mounting plugin MediaCompositing
LogPluginManager: Mounting plugin MediaPlayerEditor
LogPluginManager: Mounting plugin WebMMedia
LogPluginManager: Mounting plugin WmfMedia
LogPluginManager: Mounting plugin MeshPainting
LogPluginManager: Mounting plugin TcpMessaging
LogPluginManager: Mounting plugin UdpMessaging
LogPluginManager: Mounting plugin ActorSequence
LogPluginManager: Mounting plugin LevelSequenceEditor
LogPluginManager: Mounting plugin MatineeToLevelSequence
LogPluginManager: Mounting plugin MovieRenderPipeline
LogPluginManager: Mounting plugin TemplateSequence
LogPluginManager: Mounting plugin NetcodeUnitTest
LogPluginManager: Mounting plugin NUTUnrealEngine4
LogPluginManager: Mounting plugin OnlineSubsystemGooglePlay
LogPluginManager: Mounting plugin OnlineSubsystemIOS
LogPluginManager: Mounting plugin OnlineSubsystem
LogPluginManager: Mounting plugin OnlineSubsystemNull
LogPluginManager: Mounting plugin OnlineSubsystemUtils
LogPluginManager: Mounting plugin LauncherChunkInstaller
LogPluginManager: Mounting plugin AndroidDeviceProfileSelector
LogPluginManager: Mounting plugin AndroidMoviePlayer
LogPluginManager: Mounting plugin AndroidPermission
LogPluginManager: Mounting plugin ApexDestruction
LogPluginManager: Mounting plugin AppleImageUtils
LogPluginManager: Mounting plugin AppleMoviePlayer
LogPluginManager: Mounting plugin ArchVisCharacter
LogPluginManager: Mounting plugin AssetTags
LogPluginManager: Mounting plugin AudioCapture
LogPluginManager: Mounting plugin CableComponent
LogPluginManager: Mounting plugin CustomMeshComponent
LogPluginManager: Mounting plugin EditableMesh
LogPluginManager: Mounting plugin ExampleDeviceProfileSelector
LogPluginManager: Mounting plugin GoogleCloudMessaging
LogPluginManager: Mounting plugin GooglePAD
LogPluginManager: Mounting plugin IOSDeviceProfileSelector
LogPluginManager: Mounting plugin LinuxDeviceProfileSelector
LogPluginManager: Mounting plugin LocationServicesBPLibrary
LogPluginManager: Mounting plugin MobilePatchingUtils
LogPluginManager: Mounting plugin PhysXVehicles
LogPluginManager: Mounting plugin PostSplashScreen
LogPluginManager: Mounting plugin ProceduralMeshComponent
LogPluginManager: Mounting plugin RuntimePhysXCooking
LogPluginManager: Mounting plugin SignificanceManager
LogPluginManager: Mounting plugin SoundFields
LogPluginManager: Mounting plugin Synthesis
LogPluginManager: Mounting plugin WebMMoviePlayer
LogPluginManager: Mounting plugin WindowsMoviePlayer
LogPluginManager: Mounting plugin ScreenshotTools
LogPluginManager: Mounting plugin Wwise
LogInit: Using libcurl 7.55.1-DEV
LogInit:  - built for x86_64-pc-win32
LogInit:  - supports SSL with OpenSSL/1.1.1
LogInit:  - supports HTTP deflate (compression) using libz 1.2.8
LogInit:  - other features:
LogInit:      CURL_VERSION_SSL
LogInit:      CURL_VERSION_LIBZ
LogInit:      CURL_VERSION_IPV6
LogInit:      CURL_VERSION_ASYNCHDNS
LogInit:      CURL_VERSION_LARGEFILE
LogInit:      CURL_VERSION_IDN
LogInit:  CurlRequestOptions (configurable via config and command line):
LogInit:  - bVerifyPeer = true  - Libcurl will verify peer certificate
LogInit:  - bUseHttpProxy = false  - Libcurl will NOT use HTTP proxy
LogInit:  - bDontReuseConnections = false  - Libcurl will reuse connections
LogInit:  - MaxHostConnections = 16  - Libcurl will limit the number of connections to a host
LogInit:  - LocalHostAddr = Default
LogInit:  - BufferSize = 65536
LogOnline: OSS: Creating online subsystem instance for: NULL
LogInit: WinSock: version 1.1 (2.2), MaxSocks=32767, MaxUdp=65467
LogOnline: OSS: TryLoadSubsystemAndSetDefault: Loaded subsystem for module [NULL]
LogInit: Build: ++UE4+Release-4.25-CL-13144385
LogInit: Engine Version: 4.25.0-13144385+++UE4+Release-4.25
LogInit: Compatible Engine Version: 4.25.0-13144385+++UE4+Release-4.25
LogInit: Net CL: 13144385
LogInit: OS: Windows 10 (Release 1903) (), CPU: AMD Ryzen 7 1700X Eight-Core Processor         , GPU: Radeon RX 580 Series
LogInit: Compiled (64-bit): May  2 2020 02:12:11
LogInit: Compiled with Visual C++: 19.24.28315.00
LogInit: Build Configuration: Development
LogInit: Branch Name: ++UE4+Release-4.25
LogInit: Command Line:  C:\HWork1\snowShip\octoberBlock\octoberBlock.uproject Game -run=AkPluginActivator -platform=Win64 -configuration=Profile -targetconfig=Development
LogInit: Base Directory: D:/UE_4.25/Engine/Binaries/Win64/
LogInit: Allocator: TBB
LogInit: Installed Engine Build: 1
LogDevObjectVersion: Number of dev versions registered: 26
LogDevObjectVersion:   Dev-Blueprints (B0D832E4-1F89-4F0D-ACCF-7EB736FD4AA2): 10
LogDevObjectVersion:   Dev-Build (E1C64328-A22C-4D53-A36C-8E866417BD8C): 0
LogDevObjectVersion:   Dev-Core (375EC13C-06E4-48FB-B500-84F0262A717E): 4
LogDevObjectVersion:   Dev-Editor (E4B068ED-F494-42E9-A231-DA0B2E46BB41): 38
LogDevObjectVersion:   Dev-Framework (CFFC743F-43B0-4480-9391-14DF171D2073): 37
LogDevObjectVersion:   Dev-Mobile (B02B49B5-BB20-44E9-A304-32B752E40360): 2
LogDevObjectVersion:   Dev-Networking (A4E4105C-59A1-49B5-A7C5-40C4547EDFEE): 0
LogDevObjectVersion:   Dev-Online (39C831C9-5AE6-47DC-9A44-9C173E1C8E7C): 0
LogDevObjectVersion:   Dev-Physics (78F01B33-EBEA-4F98-B9B4-84EACCB95AA2): 4
LogDevObjectVersion:   Dev-Platform (6631380F-2D4D-43E0-8009-CF276956A95A): 0
LogDevObjectVersion:   Dev-Rendering (12F88B9F-8875-4AFC-A67C-D90C383ABD29): 43
LogDevObjectVersion:   Dev-Sequencer (7B5AE74C-D270-4C10-A958-57980B212A5A): 12
LogDevObjectVersion:   Dev-VR (D7296918-1DD6-4BDD-9DE2-64A83CC13884): 3
LogDevObjectVersion:   Dev-LoadTimes (C2A15278-BFE7-4AFE-6C17-90FF531DF755): 1
LogDevObjectVersion:   Private-Geometry (6EACA3D4-40EC-4CC1-B786-8BED09428FC5): 3
LogDevObjectVersion:   Dev-AnimPhys (29E575DD-E0A3-4627-9D10-D276232CDCEA): 17
LogDevObjectVersion:   Dev-Anim (AF43A65D-7FD3-4947-9873-3E8ED9C1BB05): 7
LogDevObjectVersion:   Dev-ReflectionCapture (6B266CEC-1EC7-4B8F-A30B-E4D90942FC07): 1
LogDevObjectVersion:   Dev-Automation (0DF73D61-A23F-47EA-B727-89E90C41499A): 1
LogDevObjectVersion:   FortniteMain (601D1886-AC64-4F84-AA16-D3DE0DEAC7D6): 31
LogDevObjectVersion:   Dev-Enterprise (9DFFBCD6-494F-0158-E221-12823C92A888): 10
LogDevObjectVersion:   Dev-Niagara (F2AED0AC-9AFE-416F-8664-AA7FFA26D6FC): 1
LogDevObjectVersion:   Dev-Destruction (174F1F0B-B4C6-45A5-B13F-2EE8D0FB917D): 10
LogDevObjectVersion:   Dev-Physics-Ext (35F94A83-E258-406C-A318-09F59610247C): 37
LogDevObjectVersion:   Dev-PhysicsMaterial-Chaos (B68FC16E-8B1B-42E2-B453-215C058844FE): 1
LogDevObjectVersion:   Dev-CineCamera (B2E18506-4273-CFC2-A54E-F4BB758BBA07): 1
LogInit: Presizing for max 25165824 objects, including 0 objects not considered by GC, pre-allocating 0 bytes for permanent pool.
LogConfig: Applying CVar settings from Section [/Script/Engine.StreamingSettings] File [C:/HWork1/snowShip/octoberBlock/Saved/Config/Windows/Engine.ini]
LogConfig: Setting CVar [[s.MinBulkDataSizeForAsyncLoading:131072]]
LogConfig: Setting CVar [[s.AsyncLoadingThreadEnabled:0]]
LogConfig: Setting CVar [[s.EventDrivenLoaderEnabled:1]]
LogConfig: Setting CVar [[s.WarnIfTimeLimitExceeded:0]]
LogConfig: Setting CVar [[s.TimeLimitExceededMultiplier:1.5]]
LogConfig: Setting CVar [[s.TimeLimitExceededMinTime:0.005]]
LogConfig: Setting CVar [[s.UseBackgroundLevelStreaming:1]]
LogConfig: Setting CVar [[s.PriorityAsyncLoadingExtraTime:15.0]]
LogConfig: Setting CVar [[s.LevelStreamingActorsUpdateTimeLimit:5.0]]
LogConfig: Setting CVar [[s.PriorityLevelStreamingActorsUpdateExtraTime:5.0]]
LogConfig: Setting CVar [[s.LevelStreamingComponentsRegistrationGranularity:10]]
LogConfig: Setting CVar [[s.UnregisterComponentsTimeLimit:1.0]]
LogConfig: Setting CVar [[s.LevelStreamingComponentsUnregistrationGranularity:5]]
LogConfig: Setting CVar [[s.FlushStreamingOnExit:1]]
LogInit: Object subsystem initialized
LogConfig: Setting CVar [[con.DebugEarlyDefault:1]]
LogConfig: Setting CVar [[r.setres:1280x720]]
[2020.06.09-22.58.38:182][  0]LogConfig: Setting CVar [[con.DebugEarlyDefault:1]]
[2020.06.09-22.58.38:182][  0]LogConfig: Setting CVar [[r.setres:1280x720]]
[2020.06.09-22.58.38:183][  0]LogConfig: Applying CVar settings from Section [/Script/Engine.RendererSettings] File [C:/HWork1/snowShip/octoberBlock/Saved/Config/Windows/Engine.ini]
[2020.06.09-22.58.38:183][  0]LogConfig: Setting CVar [[r.GPUCrashDebugging:0]]
[2020.06.09-22.58.38:183][  0]LogConfig: Setting CVar [[r.GenerateMeshDistanceFields:1]]
[2020.06.09-22.58.38:183][  0]LogConfig: Applying CVar settings from Section [/Script/Engine.RendererOverrideSettings] File [C:/HWork1/snowShip/octoberBlock/Saved/Config/Windows/Engine.ini]
[2020.06.09-22.58.38:183][  0]LogConfig: Applying CVar settings from Section [/Script/Engine.StreamingSettings] File [C:/HWork1/snowShip/octoberBlock/Saved/Config/Windows/Engine.ini]
[2020.06.09-22.58.38:183][  0]LogConfig: Setting CVar [[s.MinBulkDataSizeForAsyncLoading:131072]]
[2020.06.09-22.58.38:183][  0]LogConfig: Setting CVar [[s.AsyncLoadingThreadEnabled:0]]
[2020.06.09-22.58.38:183][  0]LogConfig: Setting CVar [[s.EventDrivenLoaderEnabled:1]]
[2020.06.09-22.58.38:183][  0]LogConfig: Setting CVar [[s.WarnIfTimeLimitExceeded:0]]
[2020.06.09-22.58.38:183][  0]LogConfig: Setting CVar [[s.TimeLimitExceededMultiplier:1.5]]
[2020.06.09-22.58.38:183][  0]LogConfig: Setting CVar [[s.TimeLimitExceededMinTime:0.005]]
[2020.06.09-22.58.38:183][  0]LogConfig: Setting CVar [[s.UseBackgroundLevelStreaming:1]]
[2020.06.09-22.58.38:183][  0]LogConfig: Setting CVar [[s.PriorityAsyncLoadingExtraTime:15.0]]
[2020.06.09-22.58.38:183][  0]LogConfig: Setting CVar [[s.LevelStreamingActorsUpdateTimeLimit:5.0]]
[2020.06.09-22.58.38:183][  0]LogConfig: Setting CVar [[s.PriorityLevelStreamingActorsUpdateExtraTime:5.0]]
[2020.06.09-22.58.38:183][  0]LogConfig: Setting CVar [[s.LevelStreamingComponentsRegistrationGranularity:10]]
[2020.06.09-22.58.38:183][  0]LogConfig: Setting CVar [[s.UnregisterComponentsTimeLimit:1.0]]
[2020.06.09-22.58.38:183][  0]LogConfig: Setting CVar [[s.LevelStreamingComponentsUnregistrationGranularity:5]]
[2020.06.09-22.58.38:183][  0]LogConfig: Setting CVar [[s.FlushStreamingOnExit:1]]
[2020.06.09-22.58.38:183][  0]LogConfig: Applying CVar settings from Section [/Script/Engine.GarbageCollectionSettings] File [C:/HWork1/snowShip/octoberBlock/Saved/Config/Windows/Engine.ini]
[2020.06.09-22.58.38:183][  0]LogConfig: Setting CVar [[gc.MaxObjectsNotConsideredByGC:1]]
[2020.06.09-22.58.38:183][  0]LogConfig: Setting CVar [[gc.SizeOfPermanentObjectPool:0]]
[2020.06.09-22.58.38:183][  0]LogConfig: Setting CVar [[gc.FlushStreamingOnGC:0]]
[2020.06.09-22.58.38:183][  0]LogConfig: Setting CVar [[gc.NumRetriesBeforeForcingGC:10]]
[2020.06.09-22.58.38:183][  0]LogConfig: Setting CVar [[gc.AllowParallelGC:1]]
[2020.06.09-22.58.38:183][  0]LogConfig: Setting CVar [[gc.TimeBetweenPurgingPendingKillObjects:61.1]]
[2020.06.09-22.58.38:183][  0]LogConfig: Setting CVar [[gc.MaxObjectsInEditor:25165824]]
[2020.06.09-22.58.38:183][  0]LogConfig: Setting CVar [[gc.IncrementalBeginDestroyEnabled:1]]
[2020.06.09-22.58.38:183][  0]LogConfig: Setting CVar [[gc.CreateGCClusters:1]]
[2020.06.09-22.58.38:183][  0]LogConfig: Setting CVar [[gc.MinGCClusterSize:5]]
[2020.06.09-22.58.38:183][  0]LogConfig: Setting CVar [[gc.ActorClusteringEnabled:0]]
[2020.06.09-22.58.38:183][  0]LogConfig: Setting CVar [[gc.BlueprintClusteringEnabled:0]]
[2020.06.09-22.58.38:183][  0]LogConfig: Setting CVar [[gc.UseDisregardForGCOnDedicatedServers:0]]
[2020.06.09-22.58.38:183][  0]LogConfig: Applying CVar settings from Section [/Script/Engine.NetworkSettings] File [C:/HWork1/snowShip/octoberBlock/Saved/Config/Windows/Engine.ini]
[2020.06.09-22.58.38:183][  0]LogConfig: Applying CVar settings from Section [/Script/UnrealEd.CookerSettings] File [C:/HWork1/snowShip/octoberBlock/Saved/Config/Windows/Engine.ini]
[2020.06.09-22.58.38:183][  0]LogConfig: Applying CVar settings from Section [ViewDistanceQuality@3] File [C:/HWork1/snowShip/octoberBlock/Saved/Config/Windows/Scalability.ini]
[2020.06.09-22.58.38:183][  0]LogConfig: Setting CVar [[r.SkeletalMeshLODBias:0]]
[2020.06.09-22.58.38:183][  0]LogConfig: Setting CVar [[r.ViewDistanceScale:1.0]]
[2020.06.09-22.58.38:183][  0]LogConfig: Applying CVar settings from Section [AntiAliasingQuality@3] File [C:/HWork1/snowShip/octoberBlock/Saved/Config/Windows/Scalability.ini]
[2020.06.09-22.58.38:183][  0]LogConfig: Setting CVar [[r.PostProcessAAQuality:4]]
[2020.06.09-22.58.38:183][  0]LogConfig: Applying CVar settings from Section [ShadowQuality@3] File [C:/HWork1/snowShip/octoberBlock/Saved/Config/Windows/Scalability.ini]
[2020.06.09-22.58.38:183][  0]LogConfig: Setting CVar [[r.LightFunctionQuality:1]]
[2020.06.09-22.58.38:183][  0]LogConfig: Setting CVar [[r.ShadowQuality:5]]
[2020.06.09-22.58.38:183][  0]LogConfig: Setting CVar [[r.Shadow.CSM.MaxCascades:10]]
[2020.06.09-22.58.38:183][  0]LogConfig: Setting CVar [[r.Shadow.MaxResolution:2048]]
[2020.06.09-22.58.38:183][  0]LogConfig: Setting CVar [[r.Shadow.MaxCSMResolution:2048]]
[2020.06.09-22.58.38:183][  0]LogConfig: Setting CVar [[r.Shadow.RadiusThreshold:0.01]]
[2020.06.09-22.58.38:183][  0]LogConfig: Setting CVar [[r.Shadow.DistanceScale:1.0]]
[2020.06.09-22.58.38:183][  0]LogConfig: Setting CVar [[r.Shadow.CSM.TransitionScale:1.0]]
[2020.06.09-22.58.38:183][  0]LogConfig: Setting CVar [[r.Shadow.PreShadowResolutionFactor:1.0]]
[2020.06.09-22.58.38:183][  0]LogConfig: Setting CVar [[r.DistanceFieldShadowing:1]]
[2020.06.09-22.58.38:183][  0]LogConfig: Setting CVar [[r.DistanceFieldAO:1]]
[2020.06.09-22.58.38:183][  0]LogConfig: Setting CVar [[r.AOQuality:2]]
[2020.06.09-22.58.38:183][  0]LogConfig: Setting CVar [[r.VolumetricFog:1]]
[2020.06.09-22.58.38:183][  0]LogConfig: Setting CVar [[r.VolumetricFog.GridPixelSize:8]]
[2020.06.09-22.58.38:184][  0]LogConfig: Setting CVar [[r.VolumetricFog.GridSizeZ:128]]
[2020.06.09-22.58.38:184][  0]LogConfig: Setting CVar [[r.VolumetricFog.HistoryMissSupersampleCount:4]]
[2020.06.09-22.58.38:184][  0]LogConfig: Setting CVar [[r.LightMaxDrawDistanceScale:1]]
[2020.06.09-22.58.38:184][  0]LogConfig: Setting CVar [[r.CapsuleShadows:1]]
[2020.06.09-22.58.38:184][  0]LogConfig: Applying CVar settings from Section [PostProcessQuality@3] File [C:/HWork1/snowShip/octoberBlock/Saved/Config/Windows/Scalability.ini]
[2020.06.09-22.58.38:184][  0]LogConfig: Setting CVar [[r.MotionBlurQuality:4]]
[2020.06.09-22.58.38:184][  0]LogConfig: Setting CVar [[r.AmbientOcclusionMipLevelFactor:0.4]]
[2020.06.09-22.58.38:184][  0]LogConfig: Setting CVar [[r.AmbientOcclusionMaxQuality:100]]
[2020.06.09-22.58.38:184][  0]LogConfig: Setting CVar [[r.AmbientOcclusionLevels:-1]]
[2020.06.09-22.58.38:184][  0]LogConfig: Setting CVar [[r.AmbientOcclusionRadiusScale:1.0]]
[2020.06.09-22.58.38:184][  0]LogConfig: Setting CVar [[r.DepthOfFieldQuality:2]]
[2020.06.09-22.58.38:184][  0]LogConfig: Setting CVar [[r.RenderTargetPoolMin:400]]
[2020.06.09-22.58.38:184][  0]LogConfig: Setting CVar [[r.LensFlareQuality:2]]
[2020.06.09-22.58.38:184][  0]LogConfig: Setting CVar [[r.SceneColorFringeQuality:1]]
[2020.06.09-22.58.38:184][  0]LogConfig: Setting CVar [[r.EyeAdaptationQuality:2]]
[2020.06.09-22.58.38:184][  0]LogConfig: Setting CVar [[r.BloomQuality:5]]
[2020.06.09-22.58.38:184][  0]LogConfig: Setting CVar [[r.FastBlurThreshold:100]]
[2020.06.09-22.58.38:184][  0]LogConfig: Setting CVar [[r.Upscale.Quality:3]]
[2020.06.09-22.58.38:184][  0]LogConfig: Setting CVar [[r.Tonemapper.GrainQuantization:1]]
[2020.06.09-22.58.38:184][  0]LogConfig: Setting CVar [[r.LightShaftQuality:1]]
[2020.06.09-22.58.38:184][  0]LogConfig: Setting CVar [[r.Filter.SizeScale:1]]
[2020.06.09-22.58.38:184][  0]LogConfig: Setting CVar [[r.Tonemapper.Quality:5]]
[2020.06.09-22.58.38:184][  0]LogConfig: Setting CVar [[r.DOF.Gather.AccumulatorQuality:1        ; higher gathering accumulator quality]]
[2020.06.09-22.58.38:184][  0]LogConfig: Setting CVar [[r.DOF.Gather.PostfilterMethod:1          ; Median3x3 postfilering method]]
[2020.06.09-22.58.38:184][  0]LogConfig: Setting CVar [[r.DOF.Gather.EnableBokehSettings:0       ; no bokeh simulation when gathering]]
[2020.06.09-22.58.38:184][  0]LogConfig: Setting CVar [[r.DOF.Gather.RingCount:4                 ; medium number of samples when gathering]]
[2020.06.09-22.58.38:184][  0]LogConfig: Setting CVar [[r.DOF.Scatter.ForegroundCompositing:1    ; additive foreground scattering]]
[2020.06.09-22.58.38:184][  0]LogConfig: Setting CVar [[r.DOF.Scatter.BackgroundCompositing:2    ; additive background scattering]]
[2020.06.09-22.58.38:184][  0]LogConfig: Setting CVar [[r.DOF.Scatter.EnableBokehSettings:1      ; bokeh simulation when scattering]]
[2020.06.09-22.58.38:184][  0]LogConfig: Setting CVar [[r.DOF.Scatter.MaxSpriteRatio:0.1         ; only a maximum of 10% of scattered bokeh]]
[2020.06.09-22.58.38:184][  0]LogConfig: Setting CVar [[r.DOF.Recombine.Quality:1                ; cheap slight out of focus]]
[2020.06.09-22.58.38:184][  0]LogConfig: Setting CVar [[r.DOF.Recombine.EnableBokehSettings:0    ; no bokeh simulation on slight out of focus]]
[2020.06.09-22.58.38:184][  0]LogConfig: Setting CVar [[r.DOF.TemporalAAQuality:1                ; more stable temporal accumulation]]
[2020.06.09-22.58.38:184][  0]LogConfig: Setting CVar [[r.DOF.Kernel.MaxForegroundRadius:0.025]]
[2020.06.09-22.58.38:184][  0]LogConfig: Setting CVar [[r.DOF.Kernel.MaxBackgroundRadius:0.025]]
[2020.06.09-22.58.38:184][  0]LogConfig: Applying CVar settings from Section [TextureQuality@3] File [C:/HWork1/snowShip/octoberBlock/Saved/Config/Windows/Scalability.ini]
[2020.06.09-22.58.38:184][  0]LogConfig: Setting CVar [[r.Streaming.MipBias:0]]
[2020.06.09-22.58.38:184][  0]LogConfig: Setting CVar [[r.Streaming.AmortizeCPUToGPUCopy:0]]
[2020.06.09-22.58.38:184][  0]LogConfig: Setting CVar [[r.Streaming.MaxNumTexturesToStreamPerFrame:0]]
[2020.06.09-22.58.38:184][  0]LogConfig: Setting CVar [[r.Streaming.Boost:1]]
[2020.06.09-22.58.38:184][  0]LogConfig: Setting CVar [[r.MaxAnisotropy:8]]
[2020.06.09-22.58.38:184][  0]LogConfig: Setting CVar [[r.VT.MaxAnisotropy:8]]
[2020.06.09-22.58.38:184][  0]LogConfig: Setting CVar [[r.Streaming.LimitPoolSizeToVRAM:0]]
[2020.06.09-22.58.38:184][  0]LogConfig: Setting CVar [[r.Streaming.PoolSize:1000]]
[2020.06.09-22.58.38:184][  0]LogConfig: Setting CVar [[r.Streaming.MaxEffectiveScreenSize:0]]
[2020.06.09-22.58.38:184][  0]LogConfig: Applying CVar settings from Section [EffectsQuality@3] File [C:/HWork1/snowShip/octoberBlock/Saved/Config/Windows/Scalability.ini]
[2020.06.09-22.58.38:184][  0]LogConfig: Setting CVar [[r.TranslucencyLightingVolumeDim:64]]
[2020.06.09-22.58.38:184][  0]LogConfig: Setting CVar [[r.RefractionQuality:2]]
[2020.06.09-22.58.38:184][  0]LogConfig: Setting CVar [[r.SSR.Quality:3]]
[2020.06.09-22.58.38:184][  0]LogConfig: Setting CVar [[r.SSR.HalfResSceneColor:0]]
[2020.06.09-22.58.38:184][  0]LogConfig: Setting CVar [[r.SceneColorFormat:4]]
[2020.06.09-22.58.38:184][  0]LogConfig: Setting CVar [[r.DetailMode:2]]
[2020.06.09-22.58.38:184][  0]LogConfig: Setting CVar [[r.TranslucencyVolumeBlur:1]]
[2020.06.09-22.58.38:184][  0]LogConfig: Setting CVar [[r.MaterialQualityLevel:1 ; High quality]]
[2020.06.09-22.58.38:184][  0]LogConfig: Setting CVar [[r.SSS.Scale:1]]
[2020.06.09-22.58.38:184][  0]LogConfig: Setting CVar [[r.SSS.SampleSet:2]]
[2020.06.09-22.58.38:184][  0]LogConfig: Setting CVar [[r.SSS.Quality:1]]
[2020.06.09-22.58.38:184][  0]LogConfig: Setting CVar [[r.SSS.HalfRes:0]]
[2020.06.09-22.58.38:184][  0]LogConfig: Setting CVar [[r.SSGI.Quality:3]]
[2020.06.09-22.58.38:184][  0]LogConfig: Setting CVar [[r.EmitterSpawnRateScale:1.0]]
[2020.06.09-22.58.38:184][  0]LogConfig: Setting CVar [[r.ParticleLightQuality:2]]
[2020.06.09-22.58.38:184][  0]LogConfig: Setting CVar [[r.SkyAtmosphere.AerialPerspectiveLUT.FastApplyOnOpaque:1 ; Always have FastSkyLUT 1 in this case to avoid wrong sky]]
[2020.06.09-22.58.38:184][  0]LogConfig: Setting CVar [[r.SkyAtmosphere.AerialPerspectiveLUT.SampleCountPerSlice:1]]
[2020.06.09-22.58.38:184][  0]LogConfig: Setting CVar [[r.SkyAtmosphere.AerialPerspectiveLUT.DepthResolution:16.0]]
[2020.06.09-22.58.38:184][  0]LogConfig: Setting CVar [[r.SkyAtmosphere.FastSkyLUT:1]]
[2020.06.09-22.58.38:185][  0]LogConfig: Setting CVar [[r.SkyAtmosphere.FastSkyLUT.SampleCountMin:4.0]]
[2020.06.09-22.58.38:185][  0]LogConfig: Setting CVar [[r.SkyAtmosphere.FastSkyLUT.SampleCountMax:32.0]]
[2020.06.09-22.58.38:185][  0]LogConfig: Setting CVar [[r.SkyAtmosphere.SampleCountMin:4.0]]
[2020.06.09-22.58.38:185][  0]LogConfig: Setting CVar [[r.SkyAtmosphere.SampleCountMax:32.0]]
[2020.06.09-22.58.38:185][  0]LogConfig: Setting CVar [[r.SkyAtmosphere.TransmittanceLUT.UseSmallFormat:0]]
[2020.06.09-22.58.38:185][  0]LogConfig: Setting CVar [[r.SkyAtmosphere.TransmittanceLUT.SampleCount:10.0]]
[2020.06.09-22.58.38:185][  0]LogConfig: Setting CVar [[r.SkyAtmosphere.MultiScatteringLUT.SampleCount:15.0]]
[2020.06.09-22.58.38:185][  0]LogConfig: Applying CVar settings from Section [FoliageQuality@3] File [C:/HWork1/snowShip/octoberBlock/Saved/Config/Windows/Scalability.ini]
[2020.06.09-22.58.38:185][  0]LogConfig: Setting CVar [[foliage.DensityScale:1.0]]
[2020.06.09-22.58.38:185][  0]LogConfig: Setting CVar [[grass.DensityScale:1.0]]
[2020.06.09-22.58.38:185][  0]LogConfig: Applying CVar settings from Section [ShadingQuality@3] File [C:/HWork1/snowShip/octoberBlock/Saved/Config/Windows/Scalability.ini]
[2020.06.09-22.58.38:185][  0]LogConfig: Setting CVar [[r.HairStrands.SkyLighting.SampleCount:16]]
[2020.06.09-22.58.38:185][  0]LogConfig: Setting CVar [[r.HairStrands.SkyLighting.JitterIntegration:0]]
[2020.06.09-22.58.38:185][  0]LogConfig: Setting CVar [[r.HairStrands.SkyAO.SampleCount:16]]
[2020.06.09-22.58.38:185][  0]LogConfig: Setting CVar [[r.HairStrands.DeepShadow.SuperSampling:0]]
[2020.06.09-22.58.38:185][  0]LogConfig: Setting CVar [[r.HairStrands.VisibilityPPLL:0]]
[2020.06.09-22.58.38:185][  0]LogConfig: Setting CVar [[r.HairStrands.RasterizationScale:0.5]]
[2020.06.09-22.58.38:185][  0]LogConfig: Setting CVar [[r.HairStrands.VelocityRasterizationScale:1]]
[2020.06.09-22.58.38:188][  0]LogInit: Selected Device Profile: [Windows]
[2020.06.09-22.58.38:188][  0]LogInit: Applying CVar settings loaded from the selected device profile: [Windows]
[2020.06.09-22.58.38:188][  0]LogHAL: Display: Platform has ~ 32 GB [34289115136 / 34359738368 / 32], which maps to Largest [LargestMinGB=32, LargerMinGB=12, DefaultMinGB=8, SmallerMinGB=6, SmallestMinGB=0)
[2020.06.09-22.58.38:188][  0]LogInit: Going up to parent DeviceProfile []
[2020.06.09-22.58.38:188][  0]LogConfig: Applying CVar settings from Section [ViewDistanceQuality@3] File [C:/HWork1/snowShip/octoberBlock/Saved/Config/Windows/Scalability.ini]
[2020.06.09-22.58.38:188][  0]LogConfig: Setting CVar [[r.SkeletalMeshLODBias:0]]
[2020.06.09-22.58.38:188][  0]LogConfig: Setting CVar [[r.ViewDistanceScale:1.0]]
[2020.06.09-22.58.38:188][  0]LogConfig: Applying CVar settings from Section [AntiAliasingQuality@3] File [C:/HWork1/snowShip/octoberBlock/Saved/Config/Windows/Scalability.ini]
[2020.06.09-22.58.38:188][  0]LogConfig: Setting CVar [[r.PostProcessAAQuality:4]]
[2020.06.09-22.58.38:188][  0]LogConfig: Applying CVar settings from Section [ShadowQuality@3] File [C:/HWork1/snowShip/octoberBlock/Saved/Config/Windows/Scalability.ini]
[2020.06.09-22.58.38:188][  0]LogConfig: Setting CVar [[r.LightFunctionQuality:1]]
[2020.06.09-22.58.38:188][  0]LogConfig: Setting CVar [[r.ShadowQuality:5]]
[2020.06.09-22.58.38:188][  0]LogConfig: Setting CVar [[r.Shadow.CSM.MaxCascades:10]]
[2020.06.09-22.58.38:188][  0]LogConfig: Setting CVar [[r.Shadow.MaxResolution:2048]]
[2020.06.09-22.58.38:189][  0]LogConfig: Setting CVar [[r.Shadow.MaxCSMResolution:2048]]
[2020.06.09-22.58.38:189][  0]LogConfig: Setting CVar [[r.Shadow.RadiusThreshold:0.01]]
[2020.06.09-22.58.38:189][  0]LogConfig: Setting CVar [[r.Shadow.DistanceScale:1.0]]
[2020.06.09-22.58.38:189][  0]LogConfig: Setting CVar [[r.Shadow.CSM.TransitionScale:1.0]]
[2020.06.09-22.58.38:189][  0]LogConfig: Setting CVar [[r.Shadow.PreShadowResolutionFactor:1.0]]
[2020.06.09-22.58.38:189][  0]LogConfig: Setting CVar [[r.DistanceFieldShadowing:1]]
[2020.06.09-22.58.38:189][  0]LogConfig: Setting CVar [[r.DistanceFieldAO:1]]
[2020.06.09-22.58.38:189][  0]LogConfig: Setting CVar [[r.AOQuality:2]]
[2020.06.09-22.58.38:189][  0]LogConfig: Setting CVar [[r.VolumetricFog:1]]
[2020.06.09-22.58.38:189][  0]LogConfig: Setting CVar [[r.VolumetricFog.GridPixelSize:8]]
[2020.06.09-22.58.38:189][  0]LogConfig: Setting CVar [[r.VolumetricFog.GridSizeZ:128]]
[2020.06.09-22.58.38:189][  0]LogConfig: Setting CVar [[r.VolumetricFog.HistoryMissSupersampleCount:4]]
[2020.06.09-22.58.38:189][  0]LogConfig: Setting CVar [[r.LightMaxDrawDistanceScale:1]]
[2020.06.09-22.58.38:189][  0]LogConfig: Setting CVar [[r.CapsuleShadows:1]]
[2020.06.09-22.58.38:189][  0]LogConfig: Applying CVar settings from Section [PostProcessQuality@3] File [C:/HWork1/snowShip/octoberBlock/Saved/Config/Windows/Scalability.ini]
[2020.06.09-22.58.38:189][  0]LogConfig: Setting CVar [[r.MotionBlurQuality:4]]
[2020.06.09-22.58.38:189][  0]LogConfig: Setting CVar [[r.AmbientOcclusionMipLevelFactor:0.4]]
[2020.06.09-22.58.38:189][  0]LogConfig: Setting CVar [[r.AmbientOcclusionMaxQuality:100]]
[2020.06.09-22.58.38:189][  0]LogConfig: Setting CVar [[r.AmbientOcclusionLevels:-1]]
[2020.06.09-22.58.38:189][  0]LogConfig: Setting CVar [[r.AmbientOcclusionRadiusScale:1.0]]
[2020.06.09-22.58.38:189][  0]LogConfig: Setting CVar [[r.DepthOfFieldQuality:2]]
[2020.06.09-22.58.38:189][  0]LogConfig: Setting CVar [[r.RenderTargetPoolMin:400]]
[2020.06.09-22.58.38:189][  0]LogConfig: Setting CVar [[r.LensFlareQuality:2]]
[2020.06.09-22.58.38:189][  0]LogConfig: Setting CVar [[r.SceneColorFringeQuality:1]]
[2020.06.09-22.58.38:189][  0]LogConfig: Setting CVar [[r.EyeAdaptationQuality:2]]
[2020.06.09-22.58.38:189][  0]LogConfig: Setting CVar [[r.BloomQuality:5]]
[2020.06.09-22.58.38:189][  0]LogConfig: Setting CVar [[r.FastBlurThreshold:100]]
[2020.06.09-22.58.38:189][  0]LogConfig: Setting CVar [[r.Upscale.Quality:3]]
[2020.06.09-22.58.38:189][  0]LogConfig: Setting CVar [[r.Tonemapper.GrainQuantization:1]]
[2020.06.09-22.58.38:189][  0]LogConfig: Setting CVar [[r.LightShaftQuality:1]]
[2020.06.09-22.58.38:189][  0]LogConfig: Setting CVar [[r.Filter.SizeScale:1]]
[2020.06.09-22.58.38:189][  0]LogConfig: Setting CVar [[r.Tonemapper.Quality:5]]
[2020.06.09-22.58.38:189][  0]LogConfig: Setting CVar [[r.DOF.Gather.AccumulatorQuality:1        ; higher gathering accumulator quality]]
[2020.06.09-22.58.38:189][  0]LogConfig: Setting CVar [[r.DOF.Gather.PostfilterMethod:1          ; Median3x3 postfilering method]]
[2020.06.09-22.58.38:189][  0]LogConfig: Setting CVar [[r.DOF.Gather.EnableBokehSettings:0       ; no bokeh simulation when gathering]]
[2020.06.09-22.58.38:189][  0]LogConfig: Setting CVar [[r.DOF.Gather.RingCount:4                 ; medium number of samples when gathering]]
[2020.06.09-22.58.38:190][  0]LogConfig: Setting CVar [[r.DOF.Scatter.ForegroundCompositing:1    ; additive foreground scattering]]
[2020.06.09-22.58.38:190][  0]LogConfig: Setting CVar [[r.DOF.Scatter.BackgroundCompositing:2    ; additive background scattering]]
[2020.06.09-22.58.38:190][  0]LogConfig: Setting CVar [[r.DOF.Scatter.EnableBokehSettings:1      ; bokeh simulation when scattering]]
[2020.06.09-22.58.38:190][  0]LogConfig: Setting CVar [[r.DOF.Scatter.MaxSpriteRatio:0.1         ; only a maximum of 10% of scattered bokeh]]
[2020.06.09-22.58.38:190][  0]LogConfig: Setting CVar [[r.DOF.Recombine.Quality:1                ; cheap slight out of focus]]
[2020.06.09-22.58.38:190][  0]LogConfig: Setting CVar [[r.DOF.Recombine.EnableBokehSettings:0    ; no bokeh simulation on slight out of focus]]
[2020.06.09-22.58.38:190][  0]LogConfig: Setting CVar [[r.DOF.TemporalAAQuality:1                ; more stable temporal accumulation]]
[2020.06.09-22.58.38:190][  0]LogConfig: Setting CVar [[r.DOF.Kernel.MaxForegroundRadius:0.025]]
[2020.06.09-22.58.38:190][  0]LogConfig: Setting CVar [[r.DOF.Kernel.MaxBackgroundRadius:0.025]]
[2020.06.09-22.58.38:190][  0]LogConfig: Applying CVar settings from Section [TextureQuality@3] File [C:/HWork1/snowShip/octoberBlock/Saved/Config/Windows/Scalability.ini]
[2020.06.09-22.58.38:190][  0]LogConfig: Setting CVar [[r.Streaming.MipBias:0]]
[2020.06.09-22.58.38:190][  0]LogConfig: Setting CVar [[r.Streaming.AmortizeCPUToGPUCopy:0]]
[2020.06.09-22.58.38:190][  0]LogConfig: Setting CVar [[r.Streaming.MaxNumTexturesToStreamPerFrame:0]]
[2020.06.09-22.58.38:190][  0]LogConfig: Setting CVar [[r.Streaming.Boost:1]]
[2020.06.09-22.58.38:190][  0]LogConfig: Setting CVar [[r.MaxAnisotropy:8]]
[2020.06.09-22.58.38:190][  0]LogConfig: Setting CVar [[r.VT.MaxAnisotropy:8]]
[2020.06.09-22.58.38:190][  0]LogConfig: Setting CVar [[r.Streaming.LimitPoolSizeToVRAM:0]]
[2020.06.09-22.58.38:190][  0]LogConfig: Setting CVar [[r.Streaming.PoolSize:1000]]
[2020.06.09-22.58.38:190][  0]LogConfig: Setting CVar [[r.Streaming.MaxEffectiveScreenSize:0]]
[2020.06.09-22.58.38:190][  0]LogConfig: Applying CVar settings from Section [EffectsQuality@3] File [C:/HWork1/snowShip/octoberBlock/Saved/Config/Windows/Scalability.ini]
[2020.06.09-22.58.38:190][  0]LogConfig: Setting CVar [[r.TranslucencyLightingVolumeDim:64]]
[2020.06.09-22.58.38:190][  0]LogConfig: Setting CVar [[r.RefractionQuality:2]]
[2020.06.09-22.58.38:190][  0]LogConfig: Setting CVar [[r.SSR.Quality:3]]
[2020.06.09-22.58.38:190][  0]LogConfig: Setting CVar [[r.SSR.HalfResSceneColor:0]]
[2020.06.09-22.58.38:190][  0]LogConfig: Setting CVar [[r.SceneColorFormat:4]]
[2020.06.09-22.58.38:190][  0]LogConfig: Setting CVar [[r.DetailMode:2]]
[2020.06.09-22.58.38:190][  0]LogConfig: Setting CVar [[r.TranslucencyVolumeBlur:1]]
[2020.06.09-22.58.38:190][  0]LogConfig: Setting CVar [[r.MaterialQualityLevel:1 ; High quality]]
[2020.06.09-22.58.38:190][  0]LogConfig: Setting CVar [[r.SSS.Scale:1]]
[2020.06.09-22.58.38:190][  0]LogConfig: Setting CVar [[r.SSS.SampleSet:2]]
[2020.06.09-22.58.38:190][  0]LogConfig: Setting CVar [[r.SSS.Quality:1]]
[2020.06.09-22.58.38:190][  0]LogConfig: Setting CVar [[r.SSS.HalfRes:0]]
[2020.06.09-22.58.38:190][  0]LogConfig: Setting CVar [[r.SSGI.Quality:3]]
[2020.06.09-22.58.38:190][  0]LogConfig: Setting CVar [[r.EmitterSpawnRateScale:1.0]]
[2020.06.09-22.58.38:190][  0]LogConfig: Setting CVar [[r.ParticleLightQuality:2]]
[2020.06.09-22.58.38:190][  0]LogConfig: Setting CVar [[r.SkyAtmosphere.AerialPerspectiveLUT.FastApplyOnOpaque:1 ; Always have FastSkyLUT 1 in this case to avoid wrong sky]]
[2020.06.09-22.58.38:190][  0]LogConfig: Setting CVar [[r.SkyAtmosphere.AerialPerspectiveLUT.SampleCountPerSlice:1]]
[2020.06.09-22.58.38:190][  0]LogConfig: Setting CVar [[r.SkyAtmosphere.AerialPerspectiveLUT.DepthResolution:16.0]]
[2020.06.09-22.58.38:190][  0]LogConfig: Setting CVar [[r.SkyAtmosphere.FastSkyLUT:1]]
[2020.06.09-22.58.38:190][  0]LogConfig: Setting CVar [[r.SkyAtmosphere.FastSkyLUT.SampleCountMin:4.0]]
[2020.06.09-22.58.38:190][  0]LogConfig: Setting CVar [[r.SkyAtmosphere.FastSkyLUT.SampleCountMax:32.0]]
[2020.06.09-22.58.38:190][  0]LogConfig: Setting CVar [[r.SkyAtmosphere.SampleCountMin:4.0]]
[2020.06.09-22.58.38:190][  0]LogConfig: Setting CVar [[r.SkyAtmosphere.SampleCountMax:32.0]]
[2020.06.09-22.58.38:191][  0]LogConfig: Setting CVar [[r.SkyAtmosphere.TransmittanceLUT.UseSmallFormat:0]]
[2020.06.09-22.58.38:191][  0]LogConfig: Setting CVar [[r.SkyAtmosphere.TransmittanceLUT.SampleCount:10.0]]
[2020.06.09-22.58.38:191][  0]LogConfig: Setting CVar [[r.SkyAtmosphere.MultiScatteringLUT.SampleCount:15.0]]
[2020.06.09-22.58.38:191][  0]LogConfig: Applying CVar settings from Section [FoliageQuality@3] File [C:/HWork1/snowShip/octoberBlock/Saved/Config/Windows/Scalability.ini]
[2020.06.09-22.58.38:191][  0]LogConfig: Setting CVar [[foliage.DensityScale:1.0]]
[2020.06.09-22.58.38:191][  0]LogConfig: Setting CVar [[grass.DensityScale:1.0]]
[2020.06.09-22.58.38:191][  0]LogConfig: Applying CVar settings from Section [ShadingQuality@3] File [C:/HWork1/snowShip/octoberBlock/Saved/Config/Windows/Scalability.ini]
[2020.06.09-22.58.38:191][  0]LogConfig: Setting CVar [[r.HairStrands.SkyLighting.SampleCount:16]]
[2020.06.09-22.58.38:191][  0]LogConfig: Setting CVar [[r.HairStrands.SkyLighting.JitterIntegration:0]]
[2020.06.09-22.58.38:191][  0]LogConfig: Setting CVar [[r.HairStrands.SkyAO.SampleCount:16]]
[2020.06.09-22.58.38:191][  0]LogConfig: Setting CVar [[r.HairStrands.DeepShadow.SuperSampling:0]]
[2020.06.09-22.58.38:191][  0]LogConfig: Setting CVar [[r.HairStrands.VisibilityPPLL:0]]
[2020.06.09-22.58.38:191][  0]LogConfig: Setting CVar [[r.HairStrands.RasterizationScale:0.5]]
[2020.06.09-22.58.38:191][  0]LogConfig: Setting CVar [[r.HairStrands.VelocityRasterizationScale:1]]
[2020.06.09-22.58.38:191][  0]LogConfig: Applying CVar settings from Section [Startup] File [../../../Engine/Config/ConsoleVariables.ini]
[2020.06.09-22.58.38:191][  0]LogConfig: Setting CVar [[net.UseAdaptiveNetUpdateFrequency:0]]
[2020.06.09-22.58.38:191][  0]LogConfig: Setting CVar [[p.chaos.AllowCreatePhysxBodies:1]]
[2020.06.09-22.58.38:191][  0]LogConfig: Setting CVar [[fx.SkipVectorVMBackendOptimizations:1]]
[2020.06.09-22.58.38:191][  0]LogConfig: Applying CVar settings from Section [ConsoleVariables] File [C:/HWork1/snowShip/octoberBlock/Saved/Config/Windows/Engine.ini]
[2020.06.09-22.58.38:191][  0]LogInit: Computer: I625-PC
[2020.06.09-22.58.38:191][  0]LogInit: User: IvanSherstianikov
[2020.06.09-22.58.38:191][  0]LogInit: CPU Page size=4096, Cores=8
[2020.06.09-22.58.38:191][  0]LogInit: High frequency timer resolution =10.000000 MHz
[2020.06.09-22.58.38:192][  0]LogMemory: Memory total: Physical=31.9GB (32GB approx)
[2020.06.09-22.58.38:192][  0]LogMemory: Platform Memory Stats for Windows
[2020.06.09-22.58.38:192][  0]LogMemory: Process Physical Memory: 114.63 MB used, 114.63 MB peak
[2020.06.09-22.58.38:192][  0]LogMemory: Process Virtual Memory: 98.19 MB used, 98.19 MB peak
[2020.06.09-22.58.38:192][  0]LogMemory: Physical Memory: 16468.13 MB used,  16232.52 MB free, 32700.65 MB total
[2020.06.09-22.58.38:192][  0]LogMemory: Virtual Memory: 5183.38 MB used,  134212544.00 MB free, 134217728.00 MB total
[2020.06.09-22.58.38:200][  0]LogWindows: WindowsPlatformFeatures enabled
[2020.06.09-22.58.38:253][  0]LogInit: Physics initialised using underlying interface: PhysX
[2020.06.09-22.58.38:254][  0]LogInit: Using OS detected language (en-US).
[2020.06.09-22.58.38:254][  0]LogInit: Using OS detected locale (en-GB).
[2020.06.09-22.58.38:255][  0]LogTextLocalizationManager: No specific localization for 'en-US' exists, so the 'en' localization will be used.
[2020.06.09-22.58.38:958][  0]LogTargetPlatformManager: Display: Loaded TargetPlatform 'AllDesktop'
[2020.06.09-22.58.38:986][  0]LogTargetPlatformManager: Display: Loaded TargetPlatform 'Android'
[2020.06.09-22.58.38:986][  0]LogTargetPlatformManager: Display: Loaded TargetPlatform 'Android_ASTC'
[2020.06.09-22.58.38:986][  0]LogTargetPlatformManager: Display: Loaded TargetPlatform 'Android_DXT'
[2020.06.09-22.58.38:986][  0]LogTargetPlatformManager: Display: Loaded TargetPlatform 'Android_ETC2'
[2020.06.09-22.58.38:986][  0]LogTargetPlatformManager: Display: Loaded TargetPlatform 'AndroidClient'
[2020.06.09-22.58.38:986][  0]LogTargetPlatformManager: Display: Loaded TargetPlatform 'Android_ASTCClient'
[2020.06.09-22.58.38:986][  0]LogTargetPlatformManager: Display: Loaded TargetPlatform 'Android_DXTClient'
[2020.06.09-22.58.38:986][  0]LogTargetPlatformManager: Display: Loaded TargetPlatform 'Android_ETC2Client'
[2020.06.09-22.58.38:986][  0]LogTargetPlatformManager: Display: Loaded TargetPlatform 'Android_Multi'
[2020.06.09-22.58.38:986][  0]LogTargetPlatformManager: Display: Loaded TargetPlatform 'Android_MultiClient'
[2020.06.09-22.58.39:020][  0]LogTargetPlatformManager: Display: Loaded TargetPlatform 'IOSClient'
[2020.06.09-22.58.39:020][  0]LogTargetPlatformManager: Display: Loaded TargetPlatform 'IOS'
[2020.06.09-22.58.39:033][  0]LogTargetPlatformManager: Display: Loaded TargetPlatform 'Linux'
[2020.06.09-22.58.39:045][  0]LogTargetPlatformManager: Display: Loaded TargetPlatform 'LinuxNoEditor'
[2020.06.09-22.58.39:058][  0]LogTargetPlatformManager: Display: Loaded TargetPlatform 'LinuxClient'
[2020.06.09-22.58.39:070][  0]LogTargetPlatformManager: Display: Loaded TargetPlatform 'LinuxServer'
[2020.06.09-22.58.39:082][  0]LogTargetPlatformManager: Display: Loaded TargetPlatform 'LinuxAArch64NoEditor'
[2020.06.09-22.58.39:093][  0]LogTargetPlatformManager: Display: Loaded TargetPlatform 'LinuxAArch64Client'
[2020.06.09-22.58.39:106][  0]LogTargetPlatformManager: Display: Loaded TargetPlatform 'LinuxAArch64Server'
[2020.06.09-22.58.39:152][  0]LogTargetPlatformManager: Display: Loaded TargetPlatform 'Lumin'
[2020.06.09-22.58.39:152][  0]LogTargetPlatformManager: Display: Loaded TargetPlatform 'LuminClient'
[2020.06.09-22.58.39:173][  0]LogTargetPlatformManager: Display: Loaded TargetPlatform 'TVOSClient'
[2020.06.09-22.58.39:173][  0]LogTargetPlatformManager: Display: Loaded TargetPlatform 'TVOS'
[2020.06.09-22.58.39:185][  0]LogTargetPlatformManager: Display: Loaded TargetPlatform 'WindowsNoEditor'
[2020.06.09-22.58.39:199][  0]LogTargetPlatformManager: Display: Loaded TargetPlatform 'Windows'
[2020.06.09-22.58.39:210][  0]LogTargetPlatformManager: Display: Loaded TargetPlatform 'WindowsClient'
[2020.06.09-22.58.39:221][  0]LogTargetPlatformManager: Display: Loaded TargetPlatform 'WindowsServer'
[2020.06.09-22.58.39:221][  0]LogTargetPlatformManager: Display: Building Assets For Windows
[2020.06.09-22.58.39:230][  0]LogAudioDebug: Display: Lib vorbis DLL was dynamically loaded.
[2020.06.09-22.58.39:295][  0]LogShaderCompilers: Guid format shader working directory is 27 characters bigger than the processId version (C:/HWork1/snowShip/octoberBlock/Intermediate/Shaders/WorkingDirectory/24948/).
[2020.06.09-22.58.39:295][  0]LogShaderCompilers: Cleaned the shader compiler working directory 'C:/Users/Ivan.Sherstianikov/AppData/Local/Temp/UnrealShaderWorkingDir/4D0B184A4F58B1CD9CC67B97330AA0A0/'.
[2020.06.09-22.58.39:296][  0]LogXGEController: Cannot use XGE Controller as Incredibuild is not installed on this machine.
[2020.06.09-22.58.39:296][  0]LogShaderCompilers: Cannot use XGE Shader Compiler as Incredibuild is not installed on this machine.
[2020.06.09-22.58.39:296][  0]LogShaderCompilers: Display: Using Local Shader Compiler.
[2020.06.09-22.58.40:303][  0]LogDerivedDataCache: Display: Max Cache Size: 512 MB
[2020.06.09-22.58.40:394][  0]LogDerivedDataCache: Loaded boot cache 0.09s 106MB C:/Users/Ivan.Sherstianikov/AppData/Local/UnrealEngine/4.25/DerivedDataCache/Boot.ddc.
[2020.06.09-22.58.40:394][  0]LogDerivedDataCache: Display: Loaded Boot cache: C:/Users/Ivan.Sherstianikov/AppData/Local/UnrealEngine/4.25/DerivedDataCache/Boot.ddc
[2020.06.09-22.58.40:394][  0]LogDerivedDataCache: FDerivedDataBackendGraph:  Pak pak cache file C:/HWork1/snowShip/octoberBlock/DerivedDataCache/DDC.ddp not found, will not use a pak cache.
[2020.06.09-22.58.40:394][  0]LogDerivedDataCache: Unable to find inner node Pak for hierarchical cache Hierarchy.
[2020.06.09-22.58.40:394][  0]LogDerivedDataCache: FDerivedDataBackendGraph:  CompressedPak pak cache file C:/HWork1/snowShip/octoberBlock/DerivedDataCache/Compressed.ddp not found, will not use a pak cache.
[2020.06.09-22.58.40:394][  0]LogDerivedDataCache: Unable to find inner node CompressedPak for hierarchical cache Hierarchy.
[2020.06.09-22.58.40:406][  0]LogDerivedDataCache: Display: Pak cache opened for reading ../../../Engine/DerivedDataCache/Compressed.ddp.
[2020.06.09-22.58.40:406][  0]LogDerivedDataCache: FDerivedDataBackendGraph:  EnterprisePak pak cache file ../../../Enterprise/DerivedDataCache/Compressed.ddp not found, will not use a pak cache.
[2020.06.09-22.58.40:406][  0]LogDerivedDataCache: Unable to find inner node EnterprisePak for hierarchical cache Hierarchy.
[2020.06.09-22.58.40:408][  0]LogDerivedDataCache: Using Local data cache path C:/Users/Ivan.Sherstianikov/AppData/Local/UnrealEngine/Common/DerivedDataCache: Writable
[2020.06.09-22.58.40:408][  0]LogDerivedDataCache: Shared data cache path not found in *engine.ini, will not use an Shared cache.
[2020.06.09-22.58.40:408][  0]LogDerivedDataCache: Unable to find inner node Shared for hierarchical cache Hierarchy.
[2020.06.09-22.58.40:506][  0]LogAssetRegistry: FAssetRegistry took 0.0023 seconds to start up
[2020.06.09-22.58.40:801][  0]LogInit: Selected Device Profile: [Windows]
[2020.06.09-22.58.40:840][  0]LogMeshReduction: Using QuadricMeshReduction for automatic static mesh reduction
[2020.06.09-22.58.40:840][  0]LogMeshReduction: Using SimplygonMeshReduction for automatic skeletal mesh reduction
[2020.06.09-22.58.40:840][  0]LogMeshReduction: Using ProxyLODMeshReduction for automatic mesh merging
[2020.06.09-22.58.40:840][  0]LogMeshReduction: No distributed automatic mesh merging module available
[2020.06.09-22.58.40:840][  0]LogMeshMerging: No distributed automatic mesh merging module available
[2020.06.09-22.58.40:849][  0]LogNetVersion: octoberBlock 1.0.0, NetCL: 13144385, EngineNetVer: 14, GameNetVer: 0 (Checksum: 3530529297)
[2020.06.09-22.58.41:013][  0]LogAISub: UAISubsystem::UAISubsystem AISubsystem (00000218EA513F00), frame # 0
[2020.06.09-22.58.41:013][  0]LogAISub: UAISubsystem::UAISubsystem AIPerceptionSystem (00000218EA536700), frame # 0
[2020.06.09-22.58.41:015][  0]LogAISub: UAISubsystem::UAISubsystem EnvQueryManager (00000218EA569400), frame # 0
[2020.06.09-22.58.41:090][  0]LogPackageLocalizationCache: Processed 18 localized package path(s) for 1 prioritized culture(s) in 0.065969 seconds
[2020.06.09-22.58.41:156][  0]LogCollectionManager: Loaded 0 collections in 0.001029 seconds
[2020.06.09-22.58.41:158][  0]LogFileCache: Scanning file cache for directory 'C:/HWork1/snowShip/octoberBlock/Saved/Collections/' took 0.00s
[2020.06.09-22.58.41:158][  0]LogFileCache: Scanning file cache for directory 'C:/HWork1/snowShip/octoberBlock/Content/Developers/IvanSherstianikov/Collections/' took 0.00s
[2020.06.09-22.58.41:158][  0]LogFileCache: Scanning file cache for directory 'C:/HWork1/snowShip/octoberBlock/Content/Collections/' took 0.00s
[2020.06.09-22.58.41:158][  0]LogCollectionManager: Fixed up redirectors for 0 collections in 0.000003 seconds (updated 0 objects)
[2020.06.09-22.58.41:500][  0]LogInit: Audiokinetic Audio Device initialization failed.
[2020.06.09-22.58.41:553][  0]SourceControl: Source control is disabled
[2020.06.09-22.58.41:553][  0]SourceControl: Source control is disabled
[2020.06.09-22.58.41:557][  0]SourceControl: Source control is disabled
[2020.06.09-22.58.41:561][  0]SourceControl: Source control is disabled
[2020.06.09-22.58.41:571][  0]SourceControl: Source control is disabled
[2020.06.09-22.58.41:835][  0]LogAndroidPermission: UAndroidPermissionCallbackProxy::GetInstance
[2020.06.09-22.58.41:858][  0]LogAudioCaptureCore: Display: No Audio Capture implementations found. Audio input will be silent.
[2020.06.09-22.58.41:858][  0]LogAudioCaptureCore: Display: No Audio Capture implementations found. Audio input will be silent.
[2020.06.09-22.58.41:934][  0]LogUObjectArray: 19324 objects as part of root set at end of initial load.
[2020.06.09-22.58.41:934][  0]LogUObjectAllocator: 5186272 out of 0 bytes used by permanent object pool.
[2020.06.09-22.58.41:934][  0]LogUObjectArray: CloseDisregardForGC: 0/0 objects in disregard for GC pool
[2020.06.09-22.58.41:941][  0]LogInit: Executing Class /Script/AudiokineticTools.AkPluginActivatorCommandlet
[2020.06.09-22.58.41:941][  0]LogInit: Initializing Editor Engine...
[2020.06.09-22.58.41:941][  0]LogEngine: Initializing Engine...
[2020.06.09-22.58.41:945][  0]LogStats: UGameplayTagsManager::InitializeManager -  0.000 s
[2020.06.09-22.58.42:217][  0]LogInit: Initializing FReadOnlyCVARCache
[2020.06.09-22.58.42:225][  0]LogAIModule: Creating AISystem for world Untitled
[2020.06.09-22.58.42:225][  0]LogAISub: UAISubsystem::UAISubsystem EnvQueryManager (00000218EC855A00), frame # 0
[2020.06.09-22.58.42:225][  0]LogAISub: UAISubsystem::UAISubsystem AIPerceptionSystem (00000218EC853240), frame # 0
[2020.06.09-22.58.42:225][  0]LogNetVersion: Set ProjectVersion to 1.0.0.0. Version Checksum will be recalculated on next use.
[2020.06.09-22.58.42:442][  0]LogDerivedDataCache: Saved boot cache 0.22s 106MB C:/Users/Ivan.Sherstianikov/AppData/Local/UnrealEngine/4.25/DerivedDataCache/Boot.ddc.
[2020.06.09-22.58.42:450][  0]LogInit: Texture streaming: Disabled
[2020.06.09-22.58.42:538][  0]LogInit: Initializing Editor Engine Completed
[2020.06.09-22.58.42:637][  0]BlueprintLog: New page: Editor Load
[2020.06.09-22.58.42:730][  0]LogAkPluginActivator: Display: AkPluginActivator parameters:  Game -run=AkPluginActivator -platform=Win64 -configuration=Profile -targetconfig=Development
[2020.06.09-22.58.42:731][  0]LogAkPluginActivator: Display: Can't find plugin list for <Windows> platform
[2020.06.09-22.58.42:731][  0]LogCore: Engine exit requested (reason: Commandlet AkPluginActivatorCommandlet_0 finished execution (result 0))
[2020.06.09-22.58.42:731][  0]LogInit: Display: 
[2020.06.09-22.58.42:731][  0]LogInit: Display: Success - 0 error(s), 0 warning(s)
[2020.06.09-22.58.42:731][  0]LogInit: Display: 
Execution of commandlet took:  0.00 seconds
[2020.06.09-22.58.42:731][  0]LogCore: Engine exit requested (reason: EngineExit() was called; note: exit was already requested)
[2020.06.09-22.58.42:732][  0]LogExit: Preparing to exit.
[2020.06.09-22.58.43:512][  0]LogAkWaapiClient: Warning: Failed to connect to WAAPI client on local host. Trying again in 2 seconds.
[2020.06.09-22.58.43:515][  0]LogDemo: Cleaned up 0 splitscreen connections with owner deletion
[2020.06.09-22.58.43:516][  0]LogWorld: UWorld::CleanupWorld for None, bSessionEnded=true, bCleanupResources=true
[2020.06.09-22.58.43:517][  0]LogExit: Editor shut down
[2020.06.09-22.58.43:526][  0]LogAISub: UAISubsystem::~UAISubsystem AISubsystem (00000218EA513F00), frame # 0
[2020.06.09-22.58.43:526][  0]LogAISub: UAISubsystem::~UAISubsystem AIPerceptionSystem (00000218EA536700), frame # 0
[2020.06.09-22.58.43:526][  0]LogAISub: UAISubsystem::~UAISubsystem EnvQueryManager (00000218EA569400), frame # 0
[2020.06.09-22.58.43:535][  0]LogAISub: UAISubsystem::~UAISubsystem EnvQueryManager (00000218EC855A00), frame # 0
[2020.06.09-22.58.43:535][  0]LogAISub: UAISubsystem::~UAISubsystem AIPerceptionSystem (00000218EC853240), frame # 0
[2020.06.09-22.58.43:568][  0]LogExit: Object subsystem successfully closed.
[2020.06.09-22.58.43:585][  0]LogShaderCompilers: Display: Shaders left to compile 0
[2020.06.09-22.58.43:599][  0]LogModuleManager: Shutting down and abandoning module GooglePADEditor (616)
[2020.06.09-22.58.43:599][  0]LogModuleManager: Shutting down and abandoning module AudioCaptureEditor (614)
[2020.06.09-22.58.43:599][  0]LogModuleManager: Shutting down and abandoning module TemplateSequenceEditor (612)
[2020.06.09-22.58.43:599][  0]LogModuleManager: Shutting down and abandoning module MatineeToLevelSequence (610)
[2020.06.09-22.58.43:599][  0]LogModuleManager: Shutting down and abandoning module LevelSequenceEditor (608)
[2020.06.09-22.58.43:599][  0]LogModuleManager: Shutting down and abandoning module ActorSequenceEditor (606)
[2020.06.09-22.58.43:599][  0]LogModuleManager: Shutting down and abandoning module WmfMediaFactory (604)
[2020.06.09-22.58.43:599][  0]LogModuleManager: Shutting down and abandoning module WmfMediaEditor (602)
[2020.06.09-22.58.43:599][  0]LogModuleManager: Shutting down and abandoning module WebMMediaFactory (600)
[2020.06.09-22.58.43:599][  0]LogModuleManager: Shutting down and abandoning module WebMMediaEditor (598)
[2020.06.09-22.58.43:599][  0]LogModuleManager: Shutting down and abandoning module MediaPlayerEditor (596)
[2020.06.09-22.58.43:599][  0]LogModuleManager: Shutting down and abandoning module MediaCompositingEditor (594)
[2020.06.09-22.58.43:599][  0]LogModuleManager: Shutting down and abandoning module SequenceRecorder (593)
[2020.06.09-22.58.43:599][  0]LogModuleManager: Shutting down and abandoning module Persona (592)
[2020.06.09-22.58.43:599][  0]LogModuleManager: Shutting down and abandoning module AdvancedPreviewScene (591)
[2020.06.09-22.58.43:599][  0]LogModuleManager: Shutting down and abandoning module AnimGraph (589)
[2020.06.09-22.58.43:599][  0]LogModuleManager: Shutting down and abandoning module Kismet (588)
[2020.06.09-22.58.43:600][  0]LogModuleManager: Shutting down and abandoning module KismetWidgets (587)
[2020.06.09-22.58.43:600][  0]LogModuleManager: Shutting down and abandoning module ImgMediaFactory (580)
[2020.06.09-22.58.43:600][  0]LogModuleManager: Shutting down and abandoning module ImgMediaEditor (578)
[2020.06.09-22.58.43:600][  0]LogModuleManager: Shutting down and abandoning module AvfMediaFactory (576)
[2020.06.09-22.58.43:600][  0]LogModuleManager: Shutting down and abandoning module AvfMediaEditor (574)
[2020.06.09-22.58.43:600][  0]LogModuleManager: Shutting down and abandoning module AndroidMediaFactory (572)
[2020.06.09-22.58.43:600][  0]LogModuleManager: Shutting down and abandoning module AndroidMediaEditor (570)
[2020.06.09-22.58.43:600][  0]LogModuleManager: Shutting down and abandoning module MagicLeapMediaEditor (568)
[2020.06.09-22.58.43:600][  0]LogModuleManager: Shutting down and abandoning module PlanarCut (566)
[2020.06.09-22.58.43:600][  0]LogModuleManager: Shutting down and abandoning module CharacterAI (564)
[2020.06.09-22.58.43:600][  0]LogModuleManager: Shutting down and abandoning module TextureAlignMode (562)
[2020.06.09-22.58.43:600][  0]LogModuleManager: Shutting down and abandoning module BspMode (560)
[2020.06.09-22.58.43:600][  0]LogModuleManager: Shutting down and abandoning module PlacementMode (559)
[2020.06.09-22.58.43:600][  0]LogModuleManager: Shutting down and abandoning module GeometryMode (556)
[2020.06.09-22.58.43:600][  0]LogModuleManager: Shutting down and abandoning module CameraShakePreviewer (554)
[2020.06.09-22.58.43:600][  0]LogModuleManager: Shutting down and abandoning module SmartSnapping (552)
[2020.06.09-22.58.43:600][  0]LogModuleManager: Shutting down and abandoning module ToolMenus (550)
[2020.06.09-22.58.43:600][  0]LogModuleManager: Shutting down and abandoning module MeshPaint (548)
[2020.06.09-22.58.43:600][  0]LogModuleManager: Shutting down and abandoning module LiveCoding (546)
[2020.06.09-22.58.43:600][  0]LogModuleManager: Shutting down and abandoning module LevelSequence (544)
[2020.06.09-22.58.43:600][  0]LogModuleManager: Shutting down and abandoning module MovieSceneTracks (542)
[2020.06.09-22.58.43:600][  0]LogModuleManager: Shutting down and abandoning module MovieScene (540)
[2020.06.09-22.58.43:600][  0]LogModuleManager: Shutting down and abandoning module StreamingPauseRendering (538)
[2020.06.09-22.58.43:600][  0]LogModuleManager: Shutting down and abandoning module AIModule (536)
[2020.06.09-22.58.43:601][  0]LogModuleManager: Shutting down and abandoning module GameplayDebugger (535)
[2020.06.09-22.58.43:601][  0]LogModuleManager: Shutting down and abandoning module AITestSuite (533)
[2020.06.09-22.58.43:601][  0]LogModuleManager: Shutting down and abandoning module NavigationSystem (531)
[2020.06.09-22.58.43:601][  0]LogModuleManager: Shutting down and abandoning module AudiokineticTools (528)
[2020.06.09-22.58.43:601][  0]LogModuleManager: Shutting down and abandoning module ScreenshotTools (526)
[2020.06.09-22.58.43:601][  0]LogModuleManager: Shutting down and abandoning module SynthesisEditor (524)
[2020.06.09-22.58.43:601][  0]LogModuleManager: Shutting down and abandoning module Synthesis (522)
[2020.06.09-22.58.43:601][  0]LogModuleManager: Shutting down and abandoning module ProceduralMeshComponentEditor (520)
[2020.06.09-22.58.43:601][  0]LogModuleManager: Shutting down and abandoning module ProceduralMeshComponent (518)
[2020.06.09-22.58.43:601][  0]LogModuleManager: Shutting down and abandoning module MobilePatchingUtils (516)
[2020.06.09-22.58.43:601][  0]LogModuleManager: Shutting down and abandoning module GooglePAD (514)
[2020.06.09-22.58.43:601][  0]LogModuleManager: Shutting down and abandoning module EditableMesh (512)
[2020.06.09-22.58.43:601][  0]LogModuleManager: Shutting down and abandoning module CustomMeshComponent (510)
[2020.06.09-22.58.43:601][  0]LogModuleManager: Shutting down and abandoning module CableComponent (508)
[2020.06.09-22.58.43:601][  0]LogModuleManager: Shutting down and abandoning module AudioCapture (506)
[2020.06.09-22.58.43:601][  0]LogModuleManager: Shutting down and abandoning module AudioCaptureRtAudio (505)
[2020.06.09-22.58.43:601][  0]LogModuleManager: Shutting down and abandoning module AssetTags (502)
[2020.06.09-22.58.43:601][  0]LogModuleManager: Shutting down and abandoning module ArchVisCharacter (500)
[2020.06.09-22.58.43:601][  0]LogModuleManager: Shutting down and abandoning module AppleImageUtilsBlueprintSupport (498)
[2020.06.09-22.58.43:601][  0]LogModuleManager: Shutting down and abandoning module AppleImageUtils (496)
[2020.06.09-22.58.43:601][  0]LogModuleManager: Shutting down and abandoning module AndroidPermission (494)
[2020.06.09-22.58.43:601][  0]LogModuleManager: Shutting down and abandoning module NUTUnrealEngine4 (492)
[2020.06.09-22.58.43:601][  0]LogModuleManager: Shutting down and abandoning module NetcodeUnitTest (490)
[2020.06.09-22.58.43:601][  0]LogModuleManager: Shutting down and abandoning module TemplateSequence (488)
[2020.06.09-22.58.43:601][  0]LogModuleManager: Shutting down and abandoning module MovieRenderPipelineEditor (486)
[2020.06.09-22.58.43:601][  0]LogModuleManager: Shutting down and abandoning module MovieRenderPipelineRenderPasses (484)
[2020.06.09-22.58.43:602][  0]LogModuleManager: Shutting down and abandoning module MovieRenderPipelineSettings (482)
[2020.06.09-22.58.43:602][  0]LogModuleManager: Shutting down and abandoning module MovieRenderPipelineCore (480)
[2020.06.09-22.58.43:602][  0]LogModuleManager: Shutting down and abandoning module ImageWriteQueue (479)
[2020.06.09-22.58.43:605][  0]LogModuleManager: Shutting down and abandoning module MeshPaintingToolset (476)
[2020.06.09-22.58.43:605][  0]LogModuleManager: Shutting down and abandoning module MeshPaintEditorMode (474)
[2020.06.09-22.58.43:605][  0]LogModuleManager: Shutting down and abandoning module MediaCompositing (472)
[2020.06.09-22.58.43:605][  0]LogModuleManager: Shutting down and abandoning module MagicLeapSharedWorld (470)
[2020.06.09-22.58.43:605][  0]LogModuleManager: Shutting down and abandoning module MagicLeapLightEstimation (468)
[2020.06.09-22.58.43:605][  0]LogModuleManager: Shutting down and abandoning module MagicLeapHelperVulkan (466)
[2020.06.09-22.58.43:605][  0]LogModuleManager: Shutting down and abandoning module MagicLeapHelperOpenGL (464)
[2020.06.09-22.58.43:605][  0]LogModuleManager: Shutting down and abandoning module MagicLeapAudio (462)
[2020.06.09-22.58.43:605][  0]LogModuleManager: Shutting down and abandoning module NiagaraEditorWidgets (460)
[2020.06.09-22.58.43:605][  0]LogModuleManager: Shutting down and abandoning module MeshSolverUtilities (458)
[2020.06.09-22.58.43:605][  0]LogModuleManager: Shutting down and abandoning module MeshConversion (456)
[2020.06.09-22.58.43:605][  0]LogModuleManager: Shutting down and abandoning module DynamicMesh (454)
[2020.06.09-22.58.43:605][  0]LogModuleManager: Shutting down and abandoning module GeometryAlgorithms (452)
[2020.06.09-22.58.43:605][  0]LogModuleManager: Shutting down and abandoning module GeometricObjects (450)
[2020.06.09-22.58.43:605][  0]LogModuleManager: Shutting down and abandoning module GeometryCollectionTracks (448)
[2020.06.09-22.58.43:605][  0]LogModuleManager: Shutting down and abandoning module GeometryCollectionSequencer (447)
[2020.06.09-22.58.43:605][  0]LogModuleManager: Shutting down and abandoning module GeometryCollectionEditor (444)
[2020.06.09-22.58.43:605][  0]LogModuleManager: Shutting down and abandoning module GeometryCacheTracks (442)
[2020.06.09-22.58.43:605][  0]LogModuleManager: Shutting down and abandoning module GeometryCacheSequencer (440)
[2020.06.09-22.58.43:606][  0]LogModuleManager: Shutting down and abandoning module ChaosSolverEditor (438)
[2020.06.09-22.58.43:606][  0]LogModuleManager: Shutting down and abandoning module ChaosNiagara (436)
[2020.06.09-22.58.43:606][  0]LogModuleManager: Shutting down and abandoning module FractureEditor (434)
[2020.06.09-22.58.43:606][  0]LogModuleManager: Shutting down and abandoning module ChaosClothEditor (432)
[2020.06.09-22.58.43:606][  0]LogModuleManager: Shutting down and abandoning module ChaosCloth (430)
[2020.06.09-22.58.43:606][  0]LogModuleManager: Shutting down and abandoning module AutomationUtilsEditor (428)
[2020.06.09-22.58.43:606][  0]LogModuleManager: Shutting down and abandoning module AutomationUtils (426)
[2020.06.09-22.58.43:606][  0]LogModuleManager: Shutting down and abandoning module AlembicImporter (424)
[2020.06.09-22.58.43:606][  0]LogModuleManager: Shutting down and abandoning module AlembicLibrary (423)
[2020.06.09-22.58.43:606][  0]LogModuleManager: Shutting down and abandoning module GeometryCache (422)
[2020.06.09-22.58.43:606][  0]LogModuleManager: Shutting down and abandoning module GeometryCacheEd (421)
[2020.06.09-22.58.43:606][  0]LogModuleManager: Shutting down and abandoning module VariantManagerContentEditor (416)
[2020.06.09-22.58.43:606][  0]LogModuleManager: Shutting down and abandoning module DatasmithContentEditor (414)
[2020.06.09-22.58.43:606][  0]LogModuleManager: Shutting down and abandoning module SpeedTreeImporter (412)
[2020.06.09-22.58.43:606][  0]LogModuleManager: Shutting down and abandoning module PluginBrowser (410)
[2020.06.09-22.58.43:606][  0]LogModuleManager: Shutting down and abandoning module MobileLauncherProfileWizard (408)
[2020.06.09-22.58.43:606][  0]LogModuleManager: Shutting down and abandoning module MaterialAnalyzer (406)
[2020.06.09-22.58.43:606][  0]LogModuleManager: Shutting down and abandoning module EditorScriptingUtilities (404)
[2020.06.09-22.58.43:606][  0]LogModuleManager: Shutting down and abandoning module CurveEditorTools (402)
[2020.06.09-22.58.43:606][  0]LogModuleManager: Shutting down and abandoning module CryptoKeysOpenSSL (400)
[2020.06.09-22.58.43:606][  0]LogModuleManager: Shutting down and abandoning module CryptoKeys (398)
[2020.06.09-22.58.43:606][  0]LogModuleManager: Shutting down and abandoning module VisualStudioSourceCodeAccess (396)
[2020.06.09-22.58.43:606][  0]LogModuleManager: Shutting down and abandoning module VisualStudioCodeSourceCodeAccess (394)
[2020.06.09-22.58.43:606][  0]LogModuleManager: Shutting down and abandoning module UObjectPlugin (392)
[2020.06.09-22.58.43:606][  0]LogModuleManager: Shutting down and abandoning module SubversionSourceControl (390)
[2020.06.09-22.58.43:606][  0]LogModuleManager: Shutting down and abandoning module RiderSourceCodeAccess (388)
[2020.06.09-22.58.43:606][  0]LogModuleManager: Shutting down and abandoning module PlasticSourceControl (386)
[2020.06.09-22.58.43:606][  0]LogModuleManager: Shutting down and abandoning module PerforceSourceControl (384)
[2020.06.09-22.58.43:606][  0]LogModuleManager: Shutting down and abandoning module GitSourceControl (382)
[2020.06.09-22.58.43:606][  0]LogModuleManager: Shutting down and abandoning module SourceControl (381)
[2020.06.09-22.58.43:606][  0]LogModuleManager: Shutting down and abandoning module CLionSourceCodeAccess (378)
[2020.06.09-22.58.43:606][  0]LogModuleManager: Shutting down and abandoning module AnimationSharingEd (376)
[2020.06.09-22.58.43:606][  0]LogModuleManager: Shutting down and abandoning module ActorLayerUtilitiesEditor (374)
[2020.06.09-22.58.43:606][  0]LogModuleManager: Shutting down and abandoning module ActorLayerUtilities (372)
[2020.06.09-22.58.43:606][  0]LogModuleManager: Shutting down and abandoning module LightPropagationVolumeEditor (370)
[2020.06.09-22.58.43:606][  0]LogModuleManager: Shutting down and abandoning module PaperTiledImporter (368)
[2020.06.09-22.58.43:607][  0]LogModuleManager: Shutting down and abandoning module PaperSpriteSheetImporter (366)
[2020.06.09-22.58.43:607][  0]LogModuleManager: Shutting down and abandoning module Paper2DEditor (364)
[2020.06.09-22.58.43:607][  0]LogModuleManager: Shutting down and abandoning module AkAudio (362)
[2020.06.09-22.58.43:607][  0]LogModuleManager: Shutting down and abandoning module SoundFields (360)
[2020.06.09-22.58.43:607][  0]LogModuleManager: Shutting down and abandoning module SignificanceManager (358)
[2020.06.09-22.58.43:607][  0]LogModuleManager: Shutting down and abandoning module RuntimePhysXCooking (356)
[2020.06.09-22.58.43:607][  0]LogModuleManager: Shutting down and abandoning module PhysXVehiclesEditor (354)
[2020.06.09-22.58.43:607][  0]LogModuleManager: Shutting down and abandoning module LocationServicesBPLibrary (350)
[2020.06.09-22.58.43:607][  0]LogModuleManager: Shutting down and abandoning module ApexDestructionEditor (348)
[2020.06.09-22.58.43:607][  0]LogModuleManager: Shutting down and abandoning module ApexDestruction (346)
[2020.06.09-22.58.43:607][  0]LogModuleManager: Shutting down and abandoning module ActorSequence (344)
[2020.06.09-22.58.43:607][  0]LogModuleManager: Shutting down and abandoning module UdpMessaging (342)
[2020.06.09-22.58.43:607][  0]LogModuleManager: Shutting down and abandoning module TcpMessaging (340)
[2020.06.09-22.58.43:607][  0]LogModuleManager: Shutting down and abandoning module MagicLeapARPin (338)
[2020.06.09-22.58.43:607][  0]LogModuleManager: Shutting down and abandoning module MagicLeapHandMeshing (336)
[2020.06.09-22.58.43:607][  0]LogModuleManager: Shutting down and abandoning module MagicLeapSecureStorage (334)
[2020.06.09-22.58.43:607][  0]LogModuleManager: Shutting down and abandoning module MagicLeapPrivileges (332)
[2020.06.09-22.58.43:607][  0]LogModuleManager: Shutting down and abandoning module MagicLeapPlanes (330)
[2020.06.09-22.58.43:607][  0]LogMagicLeapPlanes: Planes tracker already destroyed.
[2020.06.09-22.58.43:607][  0]LogModuleManager: Shutting down and abandoning module MagicLeapImageTracker (328)
[2020.06.09-22.58.43:607][  0]LogModuleManager: Shutting down and abandoning module MagicLeapIdentity (326)
[2020.06.09-22.58.43:607][  0]LogModuleManager: Shutting down and abandoning module MagicLeapHandTracking (324)
[2020.06.09-22.58.43:607][  0]LogModuleManager: Shutting down and abandoning module MagicLeapEyeTracker (322)
[2020.06.09-22.58.43:607][  0]LogModuleManager: Shutting down and abandoning module MagicLeapController (320)
[2020.06.09-22.58.43:607][  0]LogModuleManager: Shutting down and abandoning module MagicLeapARPinImpl (318)
[2020.06.09-22.58.43:607][  0]LogModuleManager: Shutting down and abandoning module MagicLeapAR (316)
[2020.06.09-22.58.43:607][  0]LogModuleManager: Shutting down and abandoning module AugmentedReality (315)
[2020.06.09-22.58.43:607][  0]LogModuleManager: Shutting down and abandoning module NiagaraAnimNotifies (312)
[2020.06.09-22.58.43:607][  0]LogModuleManager: Shutting down and abandoning module Niagara (310)
[2020.06.09-22.58.43:607][  0]LogModuleManager: Shutting down and abandoning module SignalProcessing (309)
[2020.06.09-22.58.43:607][  0]LogModuleManager: Shutting down and abandoning module NiagaraEditor (307)
[2020.06.09-22.58.43:608][  0]LogModuleManager: Shutting down and abandoning module NiagaraCore (304)
[2020.06.09-22.58.43:608][  0]LogModuleManager: Shutting down and abandoning module GameplayTagsEditor (302)
[2020.06.09-22.58.43:608][  0]LogModuleManager: Shutting down and abandoning module FacialAnimationEditor (300)
[2020.06.09-22.58.43:608][  0]LogModuleManager: Shutting down and abandoning module FacialAnimation (298)
[2020.06.09-22.58.43:608][  0]LogModuleManager: Shutting down and abandoning module DataValidation (296)
[2020.06.09-22.58.43:608][  0]LogModuleManager: Shutting down and abandoning module AssetManagerEditor (294)
[2020.06.09-22.58.43:608][  0]LogModuleManager: Shutting down and abandoning module TreeMap (293)
[2020.06.09-22.58.43:608][  0]LogModuleManager: Shutting down and abandoning module AnimationSharing (290)
[2020.06.09-22.58.43:608][  0]LogModuleManager: Shutting down and abandoning module LightPropagationVolumeRuntime (288)
[2020.06.09-22.58.43:608][  0]LogModuleManager: Shutting down and abandoning module Paper2D (286)
[2020.06.09-22.58.43:608][  0]LogModuleManager: Shutting down and abandoning module NetworkReplayStreaming (284)
[2020.06.09-22.58.43:608][  0]LogModuleManager: Shutting down and abandoning module PacketHandler (282)
[2020.06.09-22.58.43:608][  0]LogModuleManager: Shutting down and abandoning module ClothingSystemEditor (280)
[2020.06.09-22.58.43:608][  0]LogModuleManager: Shutting down and abandoning module ClothingSystemRuntimeNv (278)
[2020.06.09-22.58.43:608][  0]LogModuleManager: Shutting down and abandoning module MediaAssets (276)
[2020.06.09-22.58.43:608][  0]LogModuleManager: Shutting down and abandoning module Overlay (274)
[2020.06.09-22.58.43:608][  0]LogModuleManager: Shutting down and abandoning module OverlayEditor (273)
[2020.06.09-22.58.43:608][  0]LogModuleManager: Shutting down and abandoning module Blutility (270)
[2020.06.09-22.58.43:608][  0]LogModuleManager: Shutting down and abandoning module LevelEditor (269)
[2020.06.09-22.58.43:608][  0]LogModuleManager: Shutting down and abandoning module PixelInspectorModule (268)
[2020.06.09-22.58.43:609][  0]LogModuleManager: Shutting down and abandoning module CommonMenuExtensions (266)
[2020.06.09-22.58.43:609][  0]LogModuleManager: Shutting down and abandoning module MainFrame (264)
[2020.06.09-22.58.43:609][  0]LogModuleManager: Shutting down and abandoning module HotReload (263)
[2020.06.09-22.58.43:609][  0]LogModuleManager: Shutting down and abandoning module IntroTutorials (258)
[2020.06.09-22.58.43:609][  0]LogModuleManager: Shutting down and abandoning module VREditor (256)
[2020.06.09-22.58.43:609][  0]LogModuleManager: Shutting down and abandoning module StringTableEditor (254)
[2020.06.09-22.58.43:609][  0]LogModuleManager: Shutting down and abandoning module GameplayTasksEditor (252)
[2020.06.09-22.58.43:609][  0]LogModuleManager: Shutting down and abandoning module BehaviorTreeEditor (250)
[2020.06.09-22.58.43:609][  0]LogModuleManager: Shutting down and abandoning module FunctionalTesting (248)
[2020.06.09-22.58.43:609][  0]LogModuleManager: Shutting down and abandoning module CollisionAnalyzer (246)
[2020.06.09-22.58.43:609][  0]LogModuleManager: Shutting down and abandoning module UMG (244)
[2020.06.09-22.58.43:609][  0]LogModuleManager: Shutting down and abandoning module UMGEditor (243)
[2020.06.09-22.58.43:609][  0]LogModuleManager: Shutting down and abandoning module MessageLog (241)
[2020.06.09-22.58.43:609][  0]LogModuleManager: Shutting down and abandoning module MaterialEditor (239)
[2020.06.09-22.58.43:609][  0]LogModuleManager: Shutting down and abandoning module ContentBrowser (238)
[2020.06.09-22.58.43:610][  0]LogModuleManager: Shutting down and abandoning module WorkspaceMenuStructure (237)
[2020.06.09-22.58.43:610][  0]LogModuleManager: Shutting down and abandoning module CollectionManager (235)
[2020.06.09-22.58.43:610][  0]LogModuleManager: Shutting down and abandoning module Settings (232)
[2020.06.09-22.58.43:610][  0]LogModuleManager: Shutting down and abandoning module SlateReflector (226)
[2020.06.09-22.58.43:610][  0]LogModuleManager: Shutting down and abandoning module Slate (224)
[2020.06.09-22.58.43:610][  0]LogModuleManager: Shutting down and abandoning module SlateCore (222)
[2020.06.09-22.58.43:610][  0]LogModuleManager: Shutting down and abandoning module LandscapeEditorUtilities (220)
[2020.06.09-22.58.43:610][  0]LogModuleManager: Shutting down and abandoning module UnrealEd (218)
[2020.06.09-22.58.43:610][  0]LogModuleManager: Shutting down and abandoning module MRMesh (216)
[2020.06.09-22.58.43:610][  0]LogModuleManager: Shutting down and abandoning module SourceCodeAccess (214)
[2020.06.09-22.58.43:610][  0]LogModuleManager: Shutting down and abandoning module HeadMountedDisplay (212)
[2020.06.09-22.58.43:610][  0]LogModuleManager: Shutting down and abandoning module XAudio2 (210)
[2020.06.09-22.58.43:610][  0]LogModuleManager: Shutting down and abandoning module Networking (208)
[2020.06.09-22.58.43:610][  0]LogModuleManager: Shutting down and abandoning module Core (206)
[2020.06.09-22.58.43:610][  0]LogModuleManager: Shutting down and abandoning module MovieSceneTools (204)
[2020.06.09-22.58.43:610][  0]LogModuleManager: Shutting down and abandoning module CurveEditor (203)
[2020.06.09-22.58.43:610][  0]LogModuleManager: Shutting down and abandoning module Sequencer (201)
[2020.06.09-22.58.43:610][  0]LogModuleManager: Shutting down and abandoning module EditorStyle (200)
[2020.06.09-22.58.43:612][  0]LogModuleManager: Shutting down and abandoning module KismetCompiler (196)
[2020.06.09-22.58.43:612][  0]LogModuleManager: Shutting down and abandoning module MeshBuilder (194)
[2020.06.09-22.58.43:612][  0]LogModuleManager: Shutting down and abandoning module MeshUtilities (192)
[2020.06.09-22.58.43:612][  0]LogModuleManager: Shutting down and abandoning module MeshMergeUtilities (191)
[2020.06.09-22.58.43:612][  0]LogModuleManager: Shutting down and abandoning module MeshReductionInterface (190)
[2020.06.09-22.58.43:612][  0]LogModuleManager: Shutting down and abandoning module MeshBoneReduction (189)
[2020.06.09-22.58.43:612][  0]LogModuleManager: Shutting down and abandoning module SkeletalMeshReduction (187)
[2020.06.09-22.58.43:612][  0]LogModuleManager: Shutting down and abandoning module ProxyLODMeshReduction (185)
[2020.06.09-22.58.43:612][  0]LogModuleManager: Shutting down and abandoning module QuadricMeshReduction (183)
[2020.06.09-22.58.43:612][  0]LogModuleManager: Shutting down and abandoning module MaterialBaking (179)
[2020.06.09-22.58.43:612][  0]LogModuleManager: Shutting down and abandoning module DirectoryWatcher (175)
[2020.06.09-22.58.43:612][  0]LogModuleManager: Shutting down and abandoning module NullInstallBundleManager (172)
[2020.06.09-22.58.43:612][  0]LogModuleManager: Shutting down and abandoning module DerivedDataCache (170)
[2020.06.09-22.58.43:612][  0]LogModuleManager: Shutting down and abandoning module XGEController (168)
[2020.06.09-22.58.43:612][  0]LogModuleManager: Shutting down and abandoning module TargetPlatform (166)
[2020.06.09-22.58.43:612][  0]LogModuleManager: Shutting down and abandoning module VulkanShaderFormat (165)
[2020.06.09-22.58.43:612][  0]LogModuleManager: Shutting down and abandoning module ShaderFormatVectorVM (163)
[2020.06.09-22.58.43:612][  0]LogModuleManager: Shutting down and abandoning module ShaderFormatOpenGL (161)
[2020.06.09-22.58.43:612][  0]LogModuleManager: Shutting down and abandoning module ShaderFormatD3D (159)
[2020.06.09-22.58.43:612][  0]LogModuleManager: Shutting down and abandoning module MetalShaderFormat (157)
[2020.06.09-22.58.43:612][  0]LogModuleManager: Shutting down and abandoning module TextureFormatUncompressed (155)
[2020.06.09-22.58.43:612][  0]LogModuleManager: Shutting down and abandoning module TextureFormatPVR (153)
[2020.06.09-22.58.43:612][  0]LogModuleManager: Shutting down and abandoning module TextureFormatDXT (151)
[2020.06.09-22.58.43:613][  0]LogModuleManager: Shutting down and abandoning module TextureFormatIntelISPCTexComp (149)
[2020.06.09-22.58.43:613][  0]LogModuleManager: Shutting down and abandoning module TextureFormatASTC (147)
[2020.06.09-22.58.43:613][  0]LogModuleManager: Shutting down and abandoning module ImageWrapper (146)
[2020.06.09-22.58.43:613][  0]LogModuleManager: Shutting down and abandoning module TextureFormatAndroid (143)
[2020.06.09-22.58.43:613][  0]LogModuleManager: Shutting down and abandoning module AudioFormatOpus (141)
[2020.06.09-22.58.43:613][  0]LogModuleManager: Shutting down and abandoning module AudioFormatOgg (139)
[2020.06.09-22.58.43:613][  0]LogModuleManager: Shutting down and abandoning module AudioFormatADPCM (137)
[2020.06.09-22.58.43:613][  0]LogModuleManager: Shutting down and abandoning module WindowsServerTargetPlatform (135)
[2020.06.09-22.58.43:613][  0]LogModuleManager: Shutting down and abandoning module WindowsClientTargetPlatform (133)
[2020.06.09-22.58.43:613][  0]LogModuleManager: Shutting down and abandoning module WindowsTargetPlatform (131)
[2020.06.09-22.58.43:613][  0]LogModuleManager: Shutting down and abandoning module WindowsNoEditorTargetPlatform (129)
[2020.06.09-22.58.43:613][  0]LogModuleManager: Shutting down and abandoning module TVOSTargetPlatform (127)
[2020.06.09-22.58.43:613][  0]LogModuleManager: Shutting down and abandoning module LuminTargetPlatform (125)
[2020.06.09-22.58.43:614][  0]LogModuleManager: Shutting down and abandoning module LinuxAArch64ServerTargetPlatform (123)
[2020.06.09-22.58.43:614][  0]LogModuleManager: Shutting down and abandoning module LinuxAArch64ClientTargetPlatform (121)
[2020.06.09-22.58.43:614][  0]LogModuleManager: Shutting down and abandoning module LinuxAArch64NoEditorTargetPlatform (119)
[2020.06.09-22.58.43:614][  0]LogModuleManager: Shutting down and abandoning module LinuxServerTargetPlatform (117)
[2020.06.09-22.58.43:614][  0]LogModuleManager: Shutting down and abandoning module LinuxClientTargetPlatform (115)
[2020.06.09-22.58.43:614][  0]LogModuleManager: Shutting down and abandoning module LinuxNoEditorTargetPlatform (113)
[2020.06.09-22.58.43:614][  0]LogModuleManager: Shutting down and abandoning module LinuxTargetPlatform (111)
[2020.06.09-22.58.43:614][  0]LogModuleManager: Shutting down and abandoning module Messaging (109)
[2020.06.09-22.58.43:614][  0]LogModuleManager: Shutting down and abandoning module IOSTargetPlatform (107)
[2020.06.09-22.58.43:615][  0]LogModuleManager: Shutting down and abandoning module AndroidTargetPlatform (105)
[2020.06.09-22.58.43:619][  0]LogModuleManager: Shutting down and abandoning module AllDesktopTargetPlatform (103)
[2020.06.09-22.58.43:619][  0]LogModuleManager: Shutting down and abandoning module NullDrv (100)
[2020.06.09-22.58.43:619][  0]LogModuleManager: Shutting down and abandoning module PhysXCooking (98)
[2020.06.09-22.58.43:619][  0]LogModuleManager: Shutting down and abandoning module ChaosSolvers (96)
[2020.06.09-22.58.43:619][  0]LogModuleManager: Shutting down and abandoning module FieldSystemEngine (95)
[2020.06.09-22.58.43:619][  0]LogModuleManager: Shutting down and abandoning module Chaos (92)
[2020.06.09-22.58.43:619][  0]LogModuleManager: Shutting down and abandoning module WindowsPlatformFeatures (90)
[2020.06.09-22.58.43:619][  0]LogModuleManager: Shutting down and abandoning module GameplayMediaEncoder (89)
[2020.06.09-22.58.43:619][  0]LogModuleManager: Shutting down and abandoning module AVEncoder (88)
[2020.06.09-22.58.43:619][  0]LogModuleManager: Shutting down and abandoning module ExampleDeviceProfileSelector (84)
[2020.06.09-22.58.43:619][  0]LogModuleManager: Shutting down and abandoning module LauncherChunkInstaller (82)
[2020.06.09-22.58.43:619][  0]LogModuleManager: Shutting down and abandoning module OnlineBlueprintSupport (80)
[2020.06.09-22.58.43:619][  0]LogModuleManager: Shutting down and abandoning module OnlineSubsystem (76)
[2020.06.09-22.58.43:620][  0]LogModuleManager: Shutting down and abandoning module XMPP (71)
[2020.06.09-22.58.43:620][  0]LogModuleManager: Shutting down and abandoning module WebSockets (70)
[2020.06.09-22.58.43:645][  0]LogModuleManager: Shutting down and abandoning module HTTP (67)
[2020.06.09-22.58.43:651][  0]LogModuleManager: Shutting down and abandoning module SSL (66)
[2020.06.09-22.58.43:653][  0]LogModuleManager: Shutting down and abandoning module WmfMedia (62)
[2020.06.09-22.58.43:654][  0]LogModuleManager: Shutting down and abandoning module Media (61)
[2020.06.09-22.58.43:654][  0]LogModuleManager: Shutting down and abandoning module MagicLeap (58)
[2020.06.09-22.58.43:654][  0]LogModuleManager: Shutting down and abandoning module NiagaraVertexFactories (56)
[2020.06.09-22.58.43:654][  0]LogModuleManager: Shutting down and abandoning module NiagaraShader (54)
[2020.06.09-22.58.43:654][  0]LogModuleManager: Shutting down and abandoning module VariantManagerContent (52)
[2020.06.09-22.58.43:654][  0]LogModuleManager: Shutting down and abandoning module DatasmithContent (50)
[2020.06.09-22.58.43:655][  0]LogModuleManager: Shutting down and abandoning module AISupportModule (48)
[2020.06.09-22.58.43:655][  0]LogModuleManager: Shutting down and abandoning module DesktopPlatform (46)
[2020.06.09-22.58.43:655][  0]LogModuleManager: Shutting down and abandoning module PlatformCryptoOpenSSL (44)
[2020.06.09-22.58.43:655][  0]LogModuleManager: Shutting down and abandoning module PlatformCryptoTypes (42)
[2020.06.09-22.58.43:655][  0]LogModuleManager: Shutting down and abandoning module PlatformCrypto (40)
[2020.06.09-22.58.43:655][  0]LogModuleManager: Shutting down and abandoning module AnimationModifiers (38)
[2020.06.09-22.58.43:655][  0]LogModuleManager: Shutting down and abandoning module PropertyEditor (37)
[2020.06.09-22.58.43:655][  0]LogModuleManager: Shutting down and abandoning module AudioEditor (34)
[2020.06.09-22.58.43:655][  0]LogModuleManager: Shutting down and abandoning module TextureCompressor (32)
[2020.06.09-22.58.43:655][  0]LogModuleManager: Shutting down and abandoning module RenderCore (30)
[2020.06.09-22.58.43:655][  0]LogModuleManager: Shutting down and abandoning module Landscape (28)
[2020.06.09-22.58.43:655][  0]LogModuleManager: Shutting down and abandoning module SlateRHIRenderer (26)
[2020.06.09-22.58.43:655][  0]LogModuleManager: Shutting down and abandoning module OpenGLDrv (24)
[2020.06.09-22.58.43:655][  0]LogModuleManager: Shutting down and abandoning module D3D11RHI (22)
[2020.06.09-22.58.43:655][  0]LogModuleManager: Shutting down and abandoning module AnimGraphRuntime (20)
[2020.06.09-22.58.43:655][  0]LogModuleManager: Shutting down and abandoning module Renderer (18)
[2020.06.09-22.58.43:656][  0]LogModuleManager: Shutting down and abandoning module Engine (16)
[2020.06.09-22.58.43:656][  0]LogModuleManager: Shutting down and abandoning module CoreUObject (14)
[2020.06.09-22.58.43:656][  0]LogModuleManager: Shutting down and abandoning module NetworkFile (12)
[2020.06.09-22.58.43:656][  0]LogModuleManager: Shutting down and abandoning module CookedIterativeFile (10)
[2020.06.09-22.58.43:656][  0]LogModuleManager: Shutting down and abandoning module StreamingFile (8)
[2020.06.09-22.58.43:656][  0]LogModuleManager: Shutting down and abandoning module SandboxFile (6)
[2020.06.09-22.58.43:656][  0]LogModuleManager: Shutting down and abandoning module PakFile (4)
[2020.06.09-22.58.43:656][  0]LogModuleManager: Shutting down and abandoning module RSA (3)
[2020.06.09-22.58.43:851][  0]LogContentStreaming: Display: There are 1 unreleased StreamingManagers
[2020.06.09-22.58.43:866][  0]LogExit: Exiting.
[2020.06.09-22.58.43:892][  0]Log file closed, 06/10/20 01:58:43
